ERROR 2015-06-08 09:47:31,992 (Agents thread) - Exception tossed: Error getting connection: Connexion refusée. Vérifiez que le nom de machine et le port sont corrects et que postmaster accepte les connexions TCP/IP.
org.apache.manifoldcf.core.interfaces.ManifoldCFException: Error getting connection: Connexion refusée. Vérifiez que le nom de machine et le port sont corrects et que postmaster accepte les connexions TCP/IP.
	at org.apache.manifoldcf.core.database.ConnectionFactory.getConnection(ConnectionFactory.java:83)
	at org.apache.manifoldcf.core.database.Database.executeUncachedQuery(Database.java:784)
	at org.apache.manifoldcf.core.database.Database$QueryCacheExecutor.create(Database.java:1444)
	at org.apache.manifoldcf.core.cachemanager.CacheManager.findObjectsAndExecute(CacheManager.java:146)
	at org.apache.manifoldcf.core.database.Database.executeQuery(Database.java:191)
	at org.apache.manifoldcf.core.database.DBInterfacePostgreSQL.performQuery(DBInterfacePostgreSQL.java:832)
	at org.apache.manifoldcf.core.database.BaseTable.performQuery(BaseTable.java:221)
	at org.apache.manifoldcf.agents.agentmanager.AgentManager.getAllAgents(AgentManager.java:218)
	at org.apache.manifoldcf.agents.system.AgentsDaemon.checkAgents(AgentsDaemon.java:261)
	at org.apache.manifoldcf.agents.system.AgentsDaemon$AgentsThread.run(AgentsDaemon.java:209)
Caused by: org.postgresql.util.PSQLException: Connexion refusée. Vérifiez que le nom de machine et le port sont corrects et que postmaster accepte les connexions TCP/IP.
	at org.postgresql.core.v3.ConnectionFactoryImpl.openConnectionImpl(ConnectionFactoryImpl.java:136)
	at org.postgresql.core.ConnectionFactory.openConnection(ConnectionFactory.java:66)
	at org.postgresql.jdbc2.AbstractJdbc2Connection.<init>(AbstractJdbc2Connection.java:125)
	at org.postgresql.jdbc3.AbstractJdbc3Connection.<init>(AbstractJdbc3Connection.java:30)
	at org.postgresql.jdbc3g.AbstractJdbc3gConnection.<init>(AbstractJdbc3gConnection.java:22)
	at org.postgresql.jdbc4.AbstractJdbc4Connection.<init>(AbstractJdbc4Connection.java:30)
	at org.postgresql.jdbc4.Jdbc4Connection.<init>(Jdbc4Connection.java:24)
	at org.postgresql.Driver.makeConnection(Driver.java:393)
	at org.postgresql.Driver.connect(Driver.java:267)
	at java.sql.DriverManager.getConnection(DriverManager.java:571)
	at java.sql.DriverManager.getConnection(DriverManager.java:215)
	at org.apache.manifoldcf.core.jdbcpool.ConnectionPool.getConnection(ConnectionPool.java:118)
	at org.apache.manifoldcf.core.database.ConnectionFactory.getConnectionWithRetries(ConnectionFactory.java:120)
	at org.apache.manifoldcf.core.database.ConnectionFactory.getConnection(ConnectionFactory.java:75)
	... 9 more
Caused by: java.net.ConnectException: Connexion refusée
	at java.net.PlainSocketImpl.socketConnect(Native Method)
	at java.net.AbstractPlainSocketImpl.doConnect(AbstractPlainSocketImpl.java:339)
	at java.net.AbstractPlainSocketImpl.connectToAddress(AbstractPlainSocketImpl.java:200)
	at java.net.AbstractPlainSocketImpl.connect(AbstractPlainSocketImpl.java:182)
	at java.net.SocksSocketImpl.connect(SocksSocketImpl.java:392)
	at java.net.Socket.connect(Socket.java:579)
	at java.net.Socket.connect(Socket.java:528)
	at java.net.Socket.<init>(Socket.java:425)
	at java.net.Socket.<init>(Socket.java:208)
	at org.postgresql.core.PGStream.<init>(PGStream.java:62)
	at org.postgresql.core.v3.ConnectionFactoryImpl.openConnectionImpl(ConnectionFactoryImpl.java:76)
	... 22 more
ERROR 2015-06-08 09:48:02,008 (Agents thread) - Exception tossed: Error getting connection: Connexion refusée. Vérifiez que le nom de machine et le port sont corrects et que postmaster accepte les connexions TCP/IP.
org.apache.manifoldcf.core.interfaces.ManifoldCFException: Error getting connection: Connexion refusée. Vérifiez que le nom de machine et le port sont corrects et que postmaster accepte les connexions TCP/IP.
	at org.apache.manifoldcf.core.database.ConnectionFactory.getConnection(ConnectionFactory.java:83)
	at org.apache.manifoldcf.core.database.Database.executeUncachedQuery(Database.java:784)
	at org.apache.manifoldcf.core.database.Database$QueryCacheExecutor.create(Database.java:1444)
	at org.apache.manifoldcf.core.cachemanager.CacheManager.findObjectsAndExecute(CacheManager.java:146)
	at org.apache.manifoldcf.core.database.Database.executeQuery(Database.java:191)
	at org.apache.manifoldcf.core.database.DBInterfacePostgreSQL.performQuery(DBInterfacePostgreSQL.java:832)
	at org.apache.manifoldcf.core.database.BaseTable.performQuery(BaseTable.java:221)
	at org.apache.manifoldcf.agents.agentmanager.AgentManager.getAllAgents(AgentManager.java:218)
	at org.apache.manifoldcf.agents.system.AgentsDaemon.checkAgents(AgentsDaemon.java:261)
	at org.apache.manifoldcf.agents.system.AgentsDaemon$AgentsThread.run(AgentsDaemon.java:209)
Caused by: org.postgresql.util.PSQLException: Connexion refusée. Vérifiez que le nom de machine et le port sont corrects et que postmaster accepte les connexions TCP/IP.
	at org.postgresql.core.v3.ConnectionFactoryImpl.openConnectionImpl(ConnectionFactoryImpl.java:136)
	at org.postgresql.core.ConnectionFactory.openConnection(ConnectionFactory.java:66)
	at org.postgresql.jdbc2.AbstractJdbc2Connection.<init>(AbstractJdbc2Connection.java:125)
	at org.postgresql.jdbc3.AbstractJdbc3Connection.<init>(AbstractJdbc3Connection.java:30)
	at org.postgresql.jdbc3g.AbstractJdbc3gConnection.<init>(AbstractJdbc3gConnection.java:22)
	at org.postgresql.jdbc4.AbstractJdbc4Connection.<init>(AbstractJdbc4Connection.java:30)
	at org.postgresql.jdbc4.Jdbc4Connection.<init>(Jdbc4Connection.java:24)
	at org.postgresql.Driver.makeConnection(Driver.java:393)
	at org.postgresql.Driver.connect(Driver.java:267)
	at java.sql.DriverManager.getConnection(DriverManager.java:571)
	at java.sql.DriverManager.getConnection(DriverManager.java:215)
	at org.apache.manifoldcf.core.jdbcpool.ConnectionPool.getConnection(ConnectionPool.java:118)
	at org.apache.manifoldcf.core.database.ConnectionFactory.getConnectionWithRetries(ConnectionFactory.java:120)
	at org.apache.manifoldcf.core.database.ConnectionFactory.getConnection(ConnectionFactory.java:75)
	... 9 more
Caused by: java.net.ConnectException: Connexion refusée
	at java.net.PlainSocketImpl.socketConnect(Native Method)
	at java.net.AbstractPlainSocketImpl.doConnect(AbstractPlainSocketImpl.java:339)
	at java.net.AbstractPlainSocketImpl.connectToAddress(AbstractPlainSocketImpl.java:200)
	at java.net.AbstractPlainSocketImpl.connect(AbstractPlainSocketImpl.java:182)
	at java.net.SocksSocketImpl.connect(SocksSocketImpl.java:392)
	at java.net.Socket.connect(Socket.java:579)
	at java.net.Socket.connect(Socket.java:528)
	at java.net.Socket.<init>(Socket.java:425)
	at java.net.Socket.<init>(Socket.java:208)
	at org.postgresql.core.PGStream.<init>(PGStream.java:62)
	at org.postgresql.core.v3.ConnectionFactoryImpl.openConnectionImpl(ConnectionFactoryImpl.java:76)
	... 22 more
ERROR 2015-06-08 09:48:32,018 (Agents thread) - Exception tossed: Error getting connection: Connexion refusée. Vérifiez que le nom de machine et le port sont corrects et que postmaster accepte les connexions TCP/IP.
org.apache.manifoldcf.core.interfaces.ManifoldCFException: Error getting connection: Connexion refusée. Vérifiez que le nom de machine et le port sont corrects et que postmaster accepte les connexions TCP/IP.
	at org.apache.manifoldcf.core.database.ConnectionFactory.getConnection(ConnectionFactory.java:83)
	at org.apache.manifoldcf.core.database.Database.executeUncachedQuery(Database.java:784)
	at org.apache.manifoldcf.core.database.Database$QueryCacheExecutor.create(Database.java:1444)
	at org.apache.manifoldcf.core.cachemanager.CacheManager.findObjectsAndExecute(CacheManager.java:146)
	at org.apache.manifoldcf.core.database.Database.executeQuery(Database.java:191)
	at org.apache.manifoldcf.core.database.DBInterfacePostgreSQL.performQuery(DBInterfacePostgreSQL.java:832)
	at org.apache.manifoldcf.core.database.BaseTable.performQuery(BaseTable.java:221)
	at org.apache.manifoldcf.agents.agentmanager.AgentManager.getAllAgents(AgentManager.java:218)
	at org.apache.manifoldcf.agents.system.AgentsDaemon.checkAgents(AgentsDaemon.java:261)
	at org.apache.manifoldcf.agents.system.AgentsDaemon$AgentsThread.run(AgentsDaemon.java:209)
Caused by: org.postgresql.util.PSQLException: Connexion refusée. Vérifiez que le nom de machine et le port sont corrects et que postmaster accepte les connexions TCP/IP.
	at org.postgresql.core.v3.ConnectionFactoryImpl.openConnectionImpl(ConnectionFactoryImpl.java:136)
	at org.postgresql.core.ConnectionFactory.openConnection(ConnectionFactory.java:66)
	at org.postgresql.jdbc2.AbstractJdbc2Connection.<init>(AbstractJdbc2Connection.java:125)
	at org.postgresql.jdbc3.AbstractJdbc3Connection.<init>(AbstractJdbc3Connection.java:30)
	at org.postgresql.jdbc3g.AbstractJdbc3gConnection.<init>(AbstractJdbc3gConnection.java:22)
	at org.postgresql.jdbc4.AbstractJdbc4Connection.<init>(AbstractJdbc4Connection.java:30)
	at org.postgresql.jdbc4.Jdbc4Connection.<init>(Jdbc4Connection.java:24)
	at org.postgresql.Driver.makeConnection(Driver.java:393)
	at org.postgresql.Driver.connect(Driver.java:267)
	at java.sql.DriverManager.getConnection(DriverManager.java:571)
	at java.sql.DriverManager.getConnection(DriverManager.java:215)
	at org.apache.manifoldcf.core.jdbcpool.ConnectionPool.getConnection(ConnectionPool.java:118)
	at org.apache.manifoldcf.core.database.ConnectionFactory.getConnectionWithRetries(ConnectionFactory.java:120)
	at org.apache.manifoldcf.core.database.ConnectionFactory.getConnection(ConnectionFactory.java:75)
	... 9 more
Caused by: java.net.ConnectException: Connexion refusée
	at java.net.PlainSocketImpl.socketConnect(Native Method)
	at java.net.AbstractPlainSocketImpl.doConnect(AbstractPlainSocketImpl.java:339)
	at java.net.AbstractPlainSocketImpl.connectToAddress(AbstractPlainSocketImpl.java:200)
	at java.net.AbstractPlainSocketImpl.connect(AbstractPlainSocketImpl.java:182)
	at java.net.SocksSocketImpl.connect(SocksSocketImpl.java:392)
	at java.net.Socket.connect(Socket.java:579)
	at java.net.Socket.connect(Socket.java:528)
	at java.net.Socket.<init>(Socket.java:425)
	at java.net.Socket.<init>(Socket.java:208)
	at org.postgresql.core.PGStream.<init>(PGStream.java:62)
	at org.postgresql.core.v3.ConnectionFactoryImpl.openConnectionImpl(ConnectionFactoryImpl.java:76)
	... 22 more
ERROR 2015-06-08 09:49:02,027 (Agents thread) - Exception tossed: Error getting connection: Connexion refusée. Vérifiez que le nom de machine et le port sont corrects et que postmaster accepte les connexions TCP/IP.
org.apache.manifoldcf.core.interfaces.ManifoldCFException: Error getting connection: Connexion refusée. Vérifiez que le nom de machine et le port sont corrects et que postmaster accepte les connexions TCP/IP.
	at org.apache.manifoldcf.core.database.ConnectionFactory.getConnection(ConnectionFactory.java:83)
	at org.apache.manifoldcf.core.database.Database.executeUncachedQuery(Database.java:784)
	at org.apache.manifoldcf.core.database.Database$QueryCacheExecutor.create(Database.java:1444)
	at org.apache.manifoldcf.core.cachemanager.CacheManager.findObjectsAndExecute(CacheManager.java:146)
	at org.apache.manifoldcf.core.database.Database.executeQuery(Database.java:191)
	at org.apache.manifoldcf.core.database.DBInterfacePostgreSQL.performQuery(DBInterfacePostgreSQL.java:832)
	at org.apache.manifoldcf.core.database.BaseTable.performQuery(BaseTable.java:221)
	at org.apache.manifoldcf.agents.agentmanager.AgentManager.getAllAgents(AgentManager.java:218)
	at org.apache.manifoldcf.agents.system.AgentsDaemon.checkAgents(AgentsDaemon.java:261)
	at org.apache.manifoldcf.agents.system.AgentsDaemon$AgentsThread.run(AgentsDaemon.java:209)
Caused by: org.postgresql.util.PSQLException: Connexion refusée. Vérifiez que le nom de machine et le port sont corrects et que postmaster accepte les connexions TCP/IP.
	at org.postgresql.core.v3.ConnectionFactoryImpl.openConnectionImpl(ConnectionFactoryImpl.java:136)
	at org.postgresql.core.ConnectionFactory.openConnection(ConnectionFactory.java:66)
	at org.postgresql.jdbc2.AbstractJdbc2Connection.<init>(AbstractJdbc2Connection.java:125)
	at org.postgresql.jdbc3.AbstractJdbc3Connection.<init>(AbstractJdbc3Connection.java:30)
	at org.postgresql.jdbc3g.AbstractJdbc3gConnection.<init>(AbstractJdbc3gConnection.java:22)
	at org.postgresql.jdbc4.AbstractJdbc4Connection.<init>(AbstractJdbc4Connection.java:30)
	at org.postgresql.jdbc4.Jdbc4Connection.<init>(Jdbc4Connection.java:24)
	at org.postgresql.Driver.makeConnection(Driver.java:393)
	at org.postgresql.Driver.connect(Driver.java:267)
	at java.sql.DriverManager.getConnection(DriverManager.java:571)
	at java.sql.DriverManager.getConnection(DriverManager.java:215)
	at org.apache.manifoldcf.core.jdbcpool.ConnectionPool.getConnection(ConnectionPool.java:118)
	at org.apache.manifoldcf.core.database.ConnectionFactory.getConnectionWithRetries(ConnectionFactory.java:120)
	at org.apache.manifoldcf.core.database.ConnectionFactory.getConnection(ConnectionFactory.java:75)
	... 9 more
Caused by: java.net.ConnectException: Connexion refusée
	at java.net.PlainSocketImpl.socketConnect(Native Method)
	at java.net.AbstractPlainSocketImpl.doConnect(AbstractPlainSocketImpl.java:339)
	at java.net.AbstractPlainSocketImpl.connectToAddress(AbstractPlainSocketImpl.java:200)
	at java.net.AbstractPlainSocketImpl.connect(AbstractPlainSocketImpl.java:182)
	at java.net.SocksSocketImpl.connect(SocksSocketImpl.java:392)
	at java.net.Socket.connect(Socket.java:579)
	at java.net.Socket.connect(Socket.java:528)
	at java.net.Socket.<init>(Socket.java:425)
	at java.net.Socket.<init>(Socket.java:208)
	at org.postgresql.core.PGStream.<init>(PGStream.java:62)
	at org.postgresql.core.v3.ConnectionFactoryImpl.openConnectionImpl(ConnectionFactoryImpl.java:76)
	... 22 more
ERROR 2015-06-08 09:49:32,037 (Agents thread) - Exception tossed: Error getting connection: Connexion refusée. Vérifiez que le nom de machine et le port sont corrects et que postmaster accepte les connexions TCP/IP.
org.apache.manifoldcf.core.interfaces.ManifoldCFException: Error getting connection: Connexion refusée. Vérifiez que le nom de machine et le port sont corrects et que postmaster accepte les connexions TCP/IP.
	at org.apache.manifoldcf.core.database.ConnectionFactory.getConnection(ConnectionFactory.java:83)
	at org.apache.manifoldcf.core.database.Database.executeUncachedQuery(Database.java:784)
	at org.apache.manifoldcf.core.database.Database$QueryCacheExecutor.create(Database.java:1444)
	at org.apache.manifoldcf.core.cachemanager.CacheManager.findObjectsAndExecute(CacheManager.java:146)
	at org.apache.manifoldcf.core.database.Database.executeQuery(Database.java:191)
	at org.apache.manifoldcf.core.database.DBInterfacePostgreSQL.performQuery(DBInterfacePostgreSQL.java:832)
	at org.apache.manifoldcf.core.database.BaseTable.performQuery(BaseTable.java:221)
	at org.apache.manifoldcf.agents.agentmanager.AgentManager.getAllAgents(AgentManager.java:218)
	at org.apache.manifoldcf.agents.system.AgentsDaemon.checkAgents(AgentsDaemon.java:261)
	at org.apache.manifoldcf.agents.system.AgentsDaemon$AgentsThread.run(AgentsDaemon.java:209)
Caused by: org.postgresql.util.PSQLException: Connexion refusée. Vérifiez que le nom de machine et le port sont corrects et que postmaster accepte les connexions TCP/IP.
	at org.postgresql.core.v3.ConnectionFactoryImpl.openConnectionImpl(ConnectionFactoryImpl.java:136)
	at org.postgresql.core.ConnectionFactory.openConnection(ConnectionFactory.java:66)
	at org.postgresql.jdbc2.AbstractJdbc2Connection.<init>(AbstractJdbc2Connection.java:125)
	at org.postgresql.jdbc3.AbstractJdbc3Connection.<init>(AbstractJdbc3Connection.java:30)
	at org.postgresql.jdbc3g.AbstractJdbc3gConnection.<init>(AbstractJdbc3gConnection.java:22)
	at org.postgresql.jdbc4.AbstractJdbc4Connection.<init>(AbstractJdbc4Connection.java:30)
	at org.postgresql.jdbc4.Jdbc4Connection.<init>(Jdbc4Connection.java:24)
	at org.postgresql.Driver.makeConnection(Driver.java:393)
	at org.postgresql.Driver.connect(Driver.java:267)
	at java.sql.DriverManager.getConnection(DriverManager.java:571)
	at java.sql.DriverManager.getConnection(DriverManager.java:215)
	at org.apache.manifoldcf.core.jdbcpool.ConnectionPool.getConnection(ConnectionPool.java:118)
	at org.apache.manifoldcf.core.database.ConnectionFactory.getConnectionWithRetries(ConnectionFactory.java:120)
	at org.apache.manifoldcf.core.database.ConnectionFactory.getConnection(ConnectionFactory.java:75)
	... 9 more
Caused by: java.net.ConnectException: Connexion refusée
	at java.net.PlainSocketImpl.socketConnect(Native Method)
	at java.net.AbstractPlainSocketImpl.doConnect(AbstractPlainSocketImpl.java:339)
	at java.net.AbstractPlainSocketImpl.connectToAddress(AbstractPlainSocketImpl.java:200)
	at java.net.AbstractPlainSocketImpl.connect(AbstractPlainSocketImpl.java:182)
	at java.net.SocksSocketImpl.connect(SocksSocketImpl.java:392)
	at java.net.Socket.connect(Socket.java:579)
	at java.net.Socket.connect(Socket.java:528)
	at java.net.Socket.<init>(Socket.java:425)
	at java.net.Socket.<init>(Socket.java:208)
	at org.postgresql.core.PGStream.<init>(PGStream.java:62)
	at org.postgresql.core.v3.ConnectionFactoryImpl.openConnectionImpl(ConnectionFactoryImpl.java:76)
	... 22 more
ERROR 2015-06-08 09:50:02,047 (Agents thread) - Exception tossed: Error getting connection: Connexion refusée. Vérifiez que le nom de machine et le port sont corrects et que postmaster accepte les connexions TCP/IP.
org.apache.manifoldcf.core.interfaces.ManifoldCFException: Error getting connection: Connexion refusée. Vérifiez que le nom de machine et le port sont corrects et que postmaster accepte les connexions TCP/IP.
	at org.apache.manifoldcf.core.database.ConnectionFactory.getConnection(ConnectionFactory.java:83)
	at org.apache.manifoldcf.core.database.Database.executeUncachedQuery(Database.java:784)
	at org.apache.manifoldcf.core.database.Database$QueryCacheExecutor.create(Database.java:1444)
	at org.apache.manifoldcf.core.cachemanager.CacheManager.findObjectsAndExecute(CacheManager.java:146)
	at org.apache.manifoldcf.core.database.Database.executeQuery(Database.java:191)
	at org.apache.manifoldcf.core.database.DBInterfacePostgreSQL.performQuery(DBInterfacePostgreSQL.java:832)
	at org.apache.manifoldcf.core.database.BaseTable.performQuery(BaseTable.java:221)
	at org.apache.manifoldcf.agents.agentmanager.AgentManager.getAllAgents(AgentManager.java:218)
	at org.apache.manifoldcf.agents.system.AgentsDaemon.checkAgents(AgentsDaemon.java:261)
	at org.apache.manifoldcf.agents.system.AgentsDaemon$AgentsThread.run(AgentsDaemon.java:209)
Caused by: org.postgresql.util.PSQLException: Connexion refusée. Vérifiez que le nom de machine et le port sont corrects et que postmaster accepte les connexions TCP/IP.
	at org.postgresql.core.v3.ConnectionFactoryImpl.openConnectionImpl(ConnectionFactoryImpl.java:136)
	at org.postgresql.core.ConnectionFactory.openConnection(ConnectionFactory.java:66)
	at org.postgresql.jdbc2.AbstractJdbc2Connection.<init>(AbstractJdbc2Connection.java:125)
	at org.postgresql.jdbc3.AbstractJdbc3Connection.<init>(AbstractJdbc3Connection.java:30)
	at org.postgresql.jdbc3g.AbstractJdbc3gConnection.<init>(AbstractJdbc3gConnection.java:22)
	at org.postgresql.jdbc4.AbstractJdbc4Connection.<init>(AbstractJdbc4Connection.java:30)
	at org.postgresql.jdbc4.Jdbc4Connection.<init>(Jdbc4Connection.java:24)
	at org.postgresql.Driver.makeConnection(Driver.java:393)
	at org.postgresql.Driver.connect(Driver.java:267)
	at java.sql.DriverManager.getConnection(DriverManager.java:571)
	at java.sql.DriverManager.getConnection(DriverManager.java:215)
	at org.apache.manifoldcf.core.jdbcpool.ConnectionPool.getConnection(ConnectionPool.java:118)
	at org.apache.manifoldcf.core.database.ConnectionFactory.getConnectionWithRetries(ConnectionFactory.java:120)
	at org.apache.manifoldcf.core.database.ConnectionFactory.getConnection(ConnectionFactory.java:75)
	... 9 more
Caused by: java.net.ConnectException: Connexion refusée
	at java.net.PlainSocketImpl.socketConnect(Native Method)
	at java.net.AbstractPlainSocketImpl.doConnect(AbstractPlainSocketImpl.java:339)
	at java.net.AbstractPlainSocketImpl.connectToAddress(AbstractPlainSocketImpl.java:200)
	at java.net.AbstractPlainSocketImpl.connect(AbstractPlainSocketImpl.java:182)
	at java.net.SocksSocketImpl.connect(SocksSocketImpl.java:392)
	at java.net.Socket.connect(Socket.java:579)
	at java.net.Socket.connect(Socket.java:528)
	at java.net.Socket.<init>(Socket.java:425)
	at java.net.Socket.<init>(Socket.java:208)
	at org.postgresql.core.PGStream.<init>(PGStream.java:62)
	at org.postgresql.core.v3.ConnectionFactoryImpl.openConnectionImpl(ConnectionFactoryImpl.java:76)
	... 22 more
ERROR 2015-06-08 09:50:32,055 (Agents thread) - Exception tossed: Error getting connection: Connexion refusée. Vérifiez que le nom de machine et le port sont corrects et que postmaster accepte les connexions TCP/IP.
org.apache.manifoldcf.core.interfaces.ManifoldCFException: Error getting connection: Connexion refusée. Vérifiez que le nom de machine et le port sont corrects et que postmaster accepte les connexions TCP/IP.
	at org.apache.manifoldcf.core.database.ConnectionFactory.getConnection(ConnectionFactory.java:83)
	at org.apache.manifoldcf.core.database.Database.executeUncachedQuery(Database.java:784)
	at org.apache.manifoldcf.core.database.Database$QueryCacheExecutor.create(Database.java:1444)
	at org.apache.manifoldcf.core.cachemanager.CacheManager.findObjectsAndExecute(CacheManager.java:146)
	at org.apache.manifoldcf.core.database.Database.executeQuery(Database.java:191)
	at org.apache.manifoldcf.core.database.DBInterfacePostgreSQL.performQuery(DBInterfacePostgreSQL.java:832)
	at org.apache.manifoldcf.core.database.BaseTable.performQuery(BaseTable.java:221)
	at org.apache.manifoldcf.agents.agentmanager.AgentManager.getAllAgents(AgentManager.java:218)
	at org.apache.manifoldcf.agents.system.AgentsDaemon.checkAgents(AgentsDaemon.java:261)
	at org.apache.manifoldcf.agents.system.AgentsDaemon$AgentsThread.run(AgentsDaemon.java:209)
Caused by: org.postgresql.util.PSQLException: Connexion refusée. Vérifiez que le nom de machine et le port sont corrects et que postmaster accepte les connexions TCP/IP.
	at org.postgresql.core.v3.ConnectionFactoryImpl.openConnectionImpl(ConnectionFactoryImpl.java:136)
	at org.postgresql.core.ConnectionFactory.openConnection(ConnectionFactory.java:66)
	at org.postgresql.jdbc2.AbstractJdbc2Connection.<init>(AbstractJdbc2Connection.java:125)
	at org.postgresql.jdbc3.AbstractJdbc3Connection.<init>(AbstractJdbc3Connection.java:30)
	at org.postgresql.jdbc3g.AbstractJdbc3gConnection.<init>(AbstractJdbc3gConnection.java:22)
	at org.postgresql.jdbc4.AbstractJdbc4Connection.<init>(AbstractJdbc4Connection.java:30)
	at org.postgresql.jdbc4.Jdbc4Connection.<init>(Jdbc4Connection.java:24)
	at org.postgresql.Driver.makeConnection(Driver.java:393)
	at org.postgresql.Driver.connect(Driver.java:267)
	at java.sql.DriverManager.getConnection(DriverManager.java:571)
	at java.sql.DriverManager.getConnection(DriverManager.java:215)
	at org.apache.manifoldcf.core.jdbcpool.ConnectionPool.getConnection(ConnectionPool.java:118)
	at org.apache.manifoldcf.core.database.ConnectionFactory.getConnectionWithRetries(ConnectionFactory.java:120)
	at org.apache.manifoldcf.core.database.ConnectionFactory.getConnection(ConnectionFactory.java:75)
	... 9 more
Caused by: java.net.ConnectException: Connexion refusée
	at java.net.PlainSocketImpl.socketConnect(Native Method)
	at java.net.AbstractPlainSocketImpl.doConnect(AbstractPlainSocketImpl.java:339)
	at java.net.AbstractPlainSocketImpl.connectToAddress(AbstractPlainSocketImpl.java:200)
	at java.net.AbstractPlainSocketImpl.connect(AbstractPlainSocketImpl.java:182)
	at java.net.SocksSocketImpl.connect(SocksSocketImpl.java:392)
	at java.net.Socket.connect(Socket.java:579)
	at java.net.Socket.connect(Socket.java:528)
	at java.net.Socket.<init>(Socket.java:425)
	at java.net.Socket.<init>(Socket.java:208)
	at org.postgresql.core.PGStream.<init>(PGStream.java:62)
	at org.postgresql.core.v3.ConnectionFactoryImpl.openConnectionImpl(ConnectionFactoryImpl.java:76)
	... 22 more
ERROR 2015-06-08 09:51:02,064 (Agents thread) - Exception tossed: Error getting connection: Connexion refusée. Vérifiez que le nom de machine et le port sont corrects et que postmaster accepte les connexions TCP/IP.
org.apache.manifoldcf.core.interfaces.ManifoldCFException: Error getting connection: Connexion refusée. Vérifiez que le nom de machine et le port sont corrects et que postmaster accepte les connexions TCP/IP.
	at org.apache.manifoldcf.core.database.ConnectionFactory.getConnection(ConnectionFactory.java:83)
	at org.apache.manifoldcf.core.database.Database.executeUncachedQuery(Database.java:784)
	at org.apache.manifoldcf.core.database.Database$QueryCacheExecutor.create(Database.java:1444)
	at org.apache.manifoldcf.core.cachemanager.CacheManager.findObjectsAndExecute(CacheManager.java:146)
	at org.apache.manifoldcf.core.database.Database.executeQuery(Database.java:191)
	at org.apache.manifoldcf.core.database.DBInterfacePostgreSQL.performQuery(DBInterfacePostgreSQL.java:832)
	at org.apache.manifoldcf.core.database.BaseTable.performQuery(BaseTable.java:221)
	at org.apache.manifoldcf.agents.agentmanager.AgentManager.getAllAgents(AgentManager.java:218)
	at org.apache.manifoldcf.agents.system.AgentsDaemon.checkAgents(AgentsDaemon.java:261)
	at org.apache.manifoldcf.agents.system.AgentsDaemon$AgentsThread.run(AgentsDaemon.java:209)
Caused by: org.postgresql.util.PSQLException: Connexion refusée. Vérifiez que le nom de machine et le port sont corrects et que postmaster accepte les connexions TCP/IP.
	at org.postgresql.core.v3.ConnectionFactoryImpl.openConnectionImpl(ConnectionFactoryImpl.java:136)
	at org.postgresql.core.ConnectionFactory.openConnection(ConnectionFactory.java:66)
	at org.postgresql.jdbc2.AbstractJdbc2Connection.<init>(AbstractJdbc2Connection.java:125)
	at org.postgresql.jdbc3.AbstractJdbc3Connection.<init>(AbstractJdbc3Connection.java:30)
	at org.postgresql.jdbc3g.AbstractJdbc3gConnection.<init>(AbstractJdbc3gConnection.java:22)
	at org.postgresql.jdbc4.AbstractJdbc4Connection.<init>(AbstractJdbc4Connection.java:30)
	at org.postgresql.jdbc4.Jdbc4Connection.<init>(Jdbc4Connection.java:24)
	at org.postgresql.Driver.makeConnection(Driver.java:393)
	at org.postgresql.Driver.connect(Driver.java:267)
	at java.sql.DriverManager.getConnection(DriverManager.java:571)
	at java.sql.DriverManager.getConnection(DriverManager.java:215)
	at org.apache.manifoldcf.core.jdbcpool.ConnectionPool.getConnection(ConnectionPool.java:118)
	at org.apache.manifoldcf.core.database.ConnectionFactory.getConnectionWithRetries(ConnectionFactory.java:120)
	at org.apache.manifoldcf.core.database.ConnectionFactory.getConnection(ConnectionFactory.java:75)
	... 9 more
Caused by: java.net.ConnectException: Connexion refusée
	at java.net.PlainSocketImpl.socketConnect(Native Method)
	at java.net.AbstractPlainSocketImpl.doConnect(AbstractPlainSocketImpl.java:339)
	at java.net.AbstractPlainSocketImpl.connectToAddress(AbstractPlainSocketImpl.java:200)
	at java.net.AbstractPlainSocketImpl.connect(AbstractPlainSocketImpl.java:182)
	at java.net.SocksSocketImpl.connect(SocksSocketImpl.java:392)
	at java.net.Socket.connect(Socket.java:579)
	at java.net.Socket.connect(Socket.java:528)
	at java.net.Socket.<init>(Socket.java:425)
	at java.net.Socket.<init>(Socket.java:208)
	at org.postgresql.core.PGStream.<init>(PGStream.java:62)
	at org.postgresql.core.v3.ConnectionFactoryImpl.openConnectionImpl(ConnectionFactoryImpl.java:76)
	... 22 more
ERROR 2015-06-08 09:51:32,072 (Agents thread) - Exception tossed: Error getting connection: Connexion refusée. Vérifiez que le nom de machine et le port sont corrects et que postmaster accepte les connexions TCP/IP.
org.apache.manifoldcf.core.interfaces.ManifoldCFException: Error getting connection: Connexion refusée. Vérifiez que le nom de machine et le port sont corrects et que postmaster accepte les connexions TCP/IP.
	at org.apache.manifoldcf.core.database.ConnectionFactory.getConnection(ConnectionFactory.java:83)
	at org.apache.manifoldcf.core.database.Database.executeUncachedQuery(Database.java:784)
	at org.apache.manifoldcf.core.database.Database$QueryCacheExecutor.create(Database.java:1444)
	at org.apache.manifoldcf.core.cachemanager.CacheManager.findObjectsAndExecute(CacheManager.java:146)
	at org.apache.manifoldcf.core.database.Database.executeQuery(Database.java:191)
	at org.apache.manifoldcf.core.database.DBInterfacePostgreSQL.performQuery(DBInterfacePostgreSQL.java:832)
	at org.apache.manifoldcf.core.database.BaseTable.performQuery(BaseTable.java:221)
	at org.apache.manifoldcf.agents.agentmanager.AgentManager.getAllAgents(AgentManager.java:218)
	at org.apache.manifoldcf.agents.system.AgentsDaemon.checkAgents(AgentsDaemon.java:261)
	at org.apache.manifoldcf.agents.system.AgentsDaemon$AgentsThread.run(AgentsDaemon.java:209)
Caused by: org.postgresql.util.PSQLException: Connexion refusée. Vérifiez que le nom de machine et le port sont corrects et que postmaster accepte les connexions TCP/IP.
	at org.postgresql.core.v3.ConnectionFactoryImpl.openConnectionImpl(ConnectionFactoryImpl.java:136)
	at org.postgresql.core.ConnectionFactory.openConnection(ConnectionFactory.java:66)
	at org.postgresql.jdbc2.AbstractJdbc2Connection.<init>(AbstractJdbc2Connection.java:125)
	at org.postgresql.jdbc3.AbstractJdbc3Connection.<init>(AbstractJdbc3Connection.java:30)
	at org.postgresql.jdbc3g.AbstractJdbc3gConnection.<init>(AbstractJdbc3gConnection.java:22)
	at org.postgresql.jdbc4.AbstractJdbc4Connection.<init>(AbstractJdbc4Connection.java:30)
	at org.postgresql.jdbc4.Jdbc4Connection.<init>(Jdbc4Connection.java:24)
	at org.postgresql.Driver.makeConnection(Driver.java:393)
	at org.postgresql.Driver.connect(Driver.java:267)
	at java.sql.DriverManager.getConnection(DriverManager.java:571)
	at java.sql.DriverManager.getConnection(DriverManager.java:215)
	at org.apache.manifoldcf.core.jdbcpool.ConnectionPool.getConnection(ConnectionPool.java:118)
	at org.apache.manifoldcf.core.database.ConnectionFactory.getConnectionWithRetries(ConnectionFactory.java:120)
	at org.apache.manifoldcf.core.database.ConnectionFactory.getConnection(ConnectionFactory.java:75)
	... 9 more
Caused by: java.net.ConnectException: Connexion refusée
	at java.net.PlainSocketImpl.socketConnect(Native Method)
	at java.net.AbstractPlainSocketImpl.doConnect(AbstractPlainSocketImpl.java:339)
	at java.net.AbstractPlainSocketImpl.connectToAddress(AbstractPlainSocketImpl.java:200)
	at java.net.AbstractPlainSocketImpl.connect(AbstractPlainSocketImpl.java:182)
	at java.net.SocksSocketImpl.connect(SocksSocketImpl.java:392)
	at java.net.Socket.connect(Socket.java:579)
	at java.net.Socket.connect(Socket.java:528)
	at java.net.Socket.<init>(Socket.java:425)
	at java.net.Socket.<init>(Socket.java:208)
	at org.postgresql.core.PGStream.<init>(PGStream.java:62)
	at org.postgresql.core.v3.ConnectionFactoryImpl.openConnectionImpl(ConnectionFactoryImpl.java:76)
	... 22 more
ERROR 2015-06-08 09:52:02,082 (Agents thread) - Exception tossed: Error getting connection: Connexion refusée. Vérifiez que le nom de machine et le port sont corrects et que postmaster accepte les connexions TCP/IP.
org.apache.manifoldcf.core.interfaces.ManifoldCFException: Error getting connection: Connexion refusée. Vérifiez que le nom de machine et le port sont corrects et que postmaster accepte les connexions TCP/IP.
	at org.apache.manifoldcf.core.database.ConnectionFactory.getConnection(ConnectionFactory.java:83)
	at org.apache.manifoldcf.core.database.Database.executeUncachedQuery(Database.java:784)
	at org.apache.manifoldcf.core.database.Database$QueryCacheExecutor.create(Database.java:1444)
	at org.apache.manifoldcf.core.cachemanager.CacheManager.findObjectsAndExecute(CacheManager.java:146)
	at org.apache.manifoldcf.core.database.Database.executeQuery(Database.java:191)
	at org.apache.manifoldcf.core.database.DBInterfacePostgreSQL.performQuery(DBInterfacePostgreSQL.java:832)
	at org.apache.manifoldcf.core.database.BaseTable.performQuery(BaseTable.java:221)
	at org.apache.manifoldcf.agents.agentmanager.AgentManager.getAllAgents(AgentManager.java:218)
	at org.apache.manifoldcf.agents.system.AgentsDaemon.checkAgents(AgentsDaemon.java:261)
	at org.apache.manifoldcf.agents.system.AgentsDaemon$AgentsThread.run(AgentsDaemon.java:209)
Caused by: org.postgresql.util.PSQLException: Connexion refusée. Vérifiez que le nom de machine et le port sont corrects et que postmaster accepte les connexions TCP/IP.
	at org.postgresql.core.v3.ConnectionFactoryImpl.openConnectionImpl(ConnectionFactoryImpl.java:136)
	at org.postgresql.core.ConnectionFactory.openConnection(ConnectionFactory.java:66)
	at org.postgresql.jdbc2.AbstractJdbc2Connection.<init>(AbstractJdbc2Connection.java:125)
	at org.postgresql.jdbc3.AbstractJdbc3Connection.<init>(AbstractJdbc3Connection.java:30)
	at org.postgresql.jdbc3g.AbstractJdbc3gConnection.<init>(AbstractJdbc3gConnection.java:22)
	at org.postgresql.jdbc4.AbstractJdbc4Connection.<init>(AbstractJdbc4Connection.java:30)
	at org.postgresql.jdbc4.Jdbc4Connection.<init>(Jdbc4Connection.java:24)
	at org.postgresql.Driver.makeConnection(Driver.java:393)
	at org.postgresql.Driver.connect(Driver.java:267)
	at java.sql.DriverManager.getConnection(DriverManager.java:571)
	at java.sql.DriverManager.getConnection(DriverManager.java:215)
	at org.apache.manifoldcf.core.jdbcpool.ConnectionPool.getConnection(ConnectionPool.java:118)
	at org.apache.manifoldcf.core.database.ConnectionFactory.getConnectionWithRetries(ConnectionFactory.java:120)
	at org.apache.manifoldcf.core.database.ConnectionFactory.getConnection(ConnectionFactory.java:75)
	... 9 more
Caused by: java.net.ConnectException: Connexion refusée
	at java.net.PlainSocketImpl.socketConnect(Native Method)
	at java.net.AbstractPlainSocketImpl.doConnect(AbstractPlainSocketImpl.java:339)
	at java.net.AbstractPlainSocketImpl.connectToAddress(AbstractPlainSocketImpl.java:200)
	at java.net.AbstractPlainSocketImpl.connect(AbstractPlainSocketImpl.java:182)
	at java.net.SocksSocketImpl.connect(SocksSocketImpl.java:392)
	at java.net.Socket.connect(Socket.java:579)
	at java.net.Socket.connect(Socket.java:528)
	at java.net.Socket.<init>(Socket.java:425)
	at java.net.Socket.<init>(Socket.java:208)
	at org.postgresql.core.PGStream.<init>(PGStream.java:62)
	at org.postgresql.core.v3.ConnectionFactoryImpl.openConnectionImpl(ConnectionFactoryImpl.java:76)
	... 22 more
ERROR 2015-06-08 09:52:32,092 (Agents thread) - Exception tossed: Error getting connection: Connexion refusée. Vérifiez que le nom de machine et le port sont corrects et que postmaster accepte les connexions TCP/IP.
org.apache.manifoldcf.core.interfaces.ManifoldCFException: Error getting connection: Connexion refusée. Vérifiez que le nom de machine et le port sont corrects et que postmaster accepte les connexions TCP/IP.
	at org.apache.manifoldcf.core.database.ConnectionFactory.getConnection(ConnectionFactory.java:83)
	at org.apache.manifoldcf.core.database.Database.executeUncachedQuery(Database.java:784)
	at org.apache.manifoldcf.core.database.Database$QueryCacheExecutor.create(Database.java:1444)
	at org.apache.manifoldcf.core.cachemanager.CacheManager.findObjectsAndExecute(CacheManager.java:146)
	at org.apache.manifoldcf.core.database.Database.executeQuery(Database.java:191)
	at org.apache.manifoldcf.core.database.DBInterfacePostgreSQL.performQuery(DBInterfacePostgreSQL.java:832)
	at org.apache.manifoldcf.core.database.BaseTable.performQuery(BaseTable.java:221)
	at org.apache.manifoldcf.agents.agentmanager.AgentManager.getAllAgents(AgentManager.java:218)
	at org.apache.manifoldcf.agents.system.AgentsDaemon.checkAgents(AgentsDaemon.java:261)
	at org.apache.manifoldcf.agents.system.AgentsDaemon$AgentsThread.run(AgentsDaemon.java:209)
Caused by: org.postgresql.util.PSQLException: Connexion refusée. Vérifiez que le nom de machine et le port sont corrects et que postmaster accepte les connexions TCP/IP.
	at org.postgresql.core.v3.ConnectionFactoryImpl.openConnectionImpl(ConnectionFactoryImpl.java:136)
	at org.postgresql.core.ConnectionFactory.openConnection(ConnectionFactory.java:66)
	at org.postgresql.jdbc2.AbstractJdbc2Connection.<init>(AbstractJdbc2Connection.java:125)
	at org.postgresql.jdbc3.AbstractJdbc3Connection.<init>(AbstractJdbc3Connection.java:30)
	at org.postgresql.jdbc3g.AbstractJdbc3gConnection.<init>(AbstractJdbc3gConnection.java:22)
	at org.postgresql.jdbc4.AbstractJdbc4Connection.<init>(AbstractJdbc4Connection.java:30)
	at org.postgresql.jdbc4.Jdbc4Connection.<init>(Jdbc4Connection.java:24)
	at org.postgresql.Driver.makeConnection(Driver.java:393)
	at org.postgresql.Driver.connect(Driver.java:267)
	at java.sql.DriverManager.getConnection(DriverManager.java:571)
	at java.sql.DriverManager.getConnection(DriverManager.java:215)
	at org.apache.manifoldcf.core.jdbcpool.ConnectionPool.getConnection(ConnectionPool.java:118)
	at org.apache.manifoldcf.core.database.ConnectionFactory.getConnectionWithRetries(ConnectionFactory.java:120)
	at org.apache.manifoldcf.core.database.ConnectionFactory.getConnection(ConnectionFactory.java:75)
	... 9 more
Caused by: java.net.ConnectException: Connexion refusée
	at java.net.PlainSocketImpl.socketConnect(Native Method)
	at java.net.AbstractPlainSocketImpl.doConnect(AbstractPlainSocketImpl.java:339)
	at java.net.AbstractPlainSocketImpl.connectToAddress(AbstractPlainSocketImpl.java:200)
	at java.net.AbstractPlainSocketImpl.connect(AbstractPlainSocketImpl.java:182)
	at java.net.SocksSocketImpl.connect(SocksSocketImpl.java:392)
	at java.net.Socket.connect(Socket.java:579)
	at java.net.Socket.connect(Socket.java:528)
	at java.net.Socket.<init>(Socket.java:425)
	at java.net.Socket.<init>(Socket.java:208)
	at org.postgresql.core.PGStream.<init>(PGStream.java:62)
	at org.postgresql.core.v3.ConnectionFactoryImpl.openConnectionImpl(ConnectionFactoryImpl.java:76)
	... 22 more
ERROR 2015-06-08 09:53:02,102 (Agents thread) - Exception tossed: Error getting connection: Connexion refusée. Vérifiez que le nom de machine et le port sont corrects et que postmaster accepte les connexions TCP/IP.
org.apache.manifoldcf.core.interfaces.ManifoldCFException: Error getting connection: Connexion refusée. Vérifiez que le nom de machine et le port sont corrects et que postmaster accepte les connexions TCP/IP.
	at org.apache.manifoldcf.core.database.ConnectionFactory.getConnection(ConnectionFactory.java:83)
	at org.apache.manifoldcf.core.database.Database.executeUncachedQuery(Database.java:784)
	at org.apache.manifoldcf.core.database.Database$QueryCacheExecutor.create(Database.java:1444)
	at org.apache.manifoldcf.core.cachemanager.CacheManager.findObjectsAndExecute(CacheManager.java:146)
	at org.apache.manifoldcf.core.database.Database.executeQuery(Database.java:191)
	at org.apache.manifoldcf.core.database.DBInterfacePostgreSQL.performQuery(DBInterfacePostgreSQL.java:832)
	at org.apache.manifoldcf.core.database.BaseTable.performQuery(BaseTable.java:221)
	at org.apache.manifoldcf.agents.agentmanager.AgentManager.getAllAgents(AgentManager.java:218)
	at org.apache.manifoldcf.agents.system.AgentsDaemon.checkAgents(AgentsDaemon.java:261)
	at org.apache.manifoldcf.agents.system.AgentsDaemon$AgentsThread.run(AgentsDaemon.java:209)
Caused by: org.postgresql.util.PSQLException: Connexion refusée. Vérifiez que le nom de machine et le port sont corrects et que postmaster accepte les connexions TCP/IP.
	at org.postgresql.core.v3.ConnectionFactoryImpl.openConnectionImpl(ConnectionFactoryImpl.java:136)
	at org.postgresql.core.ConnectionFactory.openConnection(ConnectionFactory.java:66)
	at org.postgresql.jdbc2.AbstractJdbc2Connection.<init>(AbstractJdbc2Connection.java:125)
	at org.postgresql.jdbc3.AbstractJdbc3Connection.<init>(AbstractJdbc3Connection.java:30)
	at org.postgresql.jdbc3g.AbstractJdbc3gConnection.<init>(AbstractJdbc3gConnection.java:22)
	at org.postgresql.jdbc4.AbstractJdbc4Connection.<init>(AbstractJdbc4Connection.java:30)
	at org.postgresql.jdbc4.Jdbc4Connection.<init>(Jdbc4Connection.java:24)
	at org.postgresql.Driver.makeConnection(Driver.java:393)
	at org.postgresql.Driver.connect(Driver.java:267)
	at java.sql.DriverManager.getConnection(DriverManager.java:571)
	at java.sql.DriverManager.getConnection(DriverManager.java:215)
	at org.apache.manifoldcf.core.jdbcpool.ConnectionPool.getConnection(ConnectionPool.java:118)
	at org.apache.manifoldcf.core.database.ConnectionFactory.getConnectionWithRetries(ConnectionFactory.java:120)
	at org.apache.manifoldcf.core.database.ConnectionFactory.getConnection(ConnectionFactory.java:75)
	... 9 more
Caused by: java.net.ConnectException: Connexion refusée
	at java.net.PlainSocketImpl.socketConnect(Native Method)
	at java.net.AbstractPlainSocketImpl.doConnect(AbstractPlainSocketImpl.java:339)
	at java.net.AbstractPlainSocketImpl.connectToAddress(AbstractPlainSocketImpl.java:200)
	at java.net.AbstractPlainSocketImpl.connect(AbstractPlainSocketImpl.java:182)
	at java.net.SocksSocketImpl.connect(SocksSocketImpl.java:392)
	at java.net.Socket.connect(Socket.java:579)
	at java.net.Socket.connect(Socket.java:528)
	at java.net.Socket.<init>(Socket.java:425)
	at java.net.Socket.<init>(Socket.java:208)
	at org.postgresql.core.PGStream.<init>(PGStream.java:62)
	at org.postgresql.core.v3.ConnectionFactoryImpl.openConnectionImpl(ConnectionFactoryImpl.java:76)
	... 22 more
ERROR 2015-06-08 09:53:32,112 (Agents thread) - Exception tossed: Error getting connection: Connexion refusée. Vérifiez que le nom de machine et le port sont corrects et que postmaster accepte les connexions TCP/IP.
org.apache.manifoldcf.core.interfaces.ManifoldCFException: Error getting connection: Connexion refusée. Vérifiez que le nom de machine et le port sont corrects et que postmaster accepte les connexions TCP/IP.
	at org.apache.manifoldcf.core.database.ConnectionFactory.getConnection(ConnectionFactory.java:83)
	at org.apache.manifoldcf.core.database.Database.executeUncachedQuery(Database.java:784)
	at org.apache.manifoldcf.core.database.Database$QueryCacheExecutor.create(Database.java:1444)
	at org.apache.manifoldcf.core.cachemanager.CacheManager.findObjectsAndExecute(CacheManager.java:146)
	at org.apache.manifoldcf.core.database.Database.executeQuery(Database.java:191)
	at org.apache.manifoldcf.core.database.DBInterfacePostgreSQL.performQuery(DBInterfacePostgreSQL.java:832)
	at org.apache.manifoldcf.core.database.BaseTable.performQuery(BaseTable.java:221)
	at org.apache.manifoldcf.agents.agentmanager.AgentManager.getAllAgents(AgentManager.java:218)
	at org.apache.manifoldcf.agents.system.AgentsDaemon.checkAgents(AgentsDaemon.java:261)
	at org.apache.manifoldcf.agents.system.AgentsDaemon$AgentsThread.run(AgentsDaemon.java:209)
Caused by: org.postgresql.util.PSQLException: Connexion refusée. Vérifiez que le nom de machine et le port sont corrects et que postmaster accepte les connexions TCP/IP.
	at org.postgresql.core.v3.ConnectionFactoryImpl.openConnectionImpl(ConnectionFactoryImpl.java:136)
	at org.postgresql.core.ConnectionFactory.openConnection(ConnectionFactory.java:66)
	at org.postgresql.jdbc2.AbstractJdbc2Connection.<init>(AbstractJdbc2Connection.java:125)
	at org.postgresql.jdbc3.AbstractJdbc3Connection.<init>(AbstractJdbc3Connection.java:30)
	at org.postgresql.jdbc3g.AbstractJdbc3gConnection.<init>(AbstractJdbc3gConnection.java:22)
	at org.postgresql.jdbc4.AbstractJdbc4Connection.<init>(AbstractJdbc4Connection.java:30)
	at org.postgresql.jdbc4.Jdbc4Connection.<init>(Jdbc4Connection.java:24)
	at org.postgresql.Driver.makeConnection(Driver.java:393)
	at org.postgresql.Driver.connect(Driver.java:267)
	at java.sql.DriverManager.getConnection(DriverManager.java:571)
	at java.sql.DriverManager.getConnection(DriverManager.java:215)
	at org.apache.manifoldcf.core.jdbcpool.ConnectionPool.getConnection(ConnectionPool.java:118)
	at org.apache.manifoldcf.core.database.ConnectionFactory.getConnectionWithRetries(ConnectionFactory.java:120)
	at org.apache.manifoldcf.core.database.ConnectionFactory.getConnection(ConnectionFactory.java:75)
	... 9 more
Caused by: java.net.ConnectException: Connexion refusée
	at java.net.PlainSocketImpl.socketConnect(Native Method)
	at java.net.AbstractPlainSocketImpl.doConnect(AbstractPlainSocketImpl.java:339)
	at java.net.AbstractPlainSocketImpl.connectToAddress(AbstractPlainSocketImpl.java:200)
	at java.net.AbstractPlainSocketImpl.connect(AbstractPlainSocketImpl.java:182)
	at java.net.SocksSocketImpl.connect(SocksSocketImpl.java:392)
	at java.net.Socket.connect(Socket.java:579)
	at java.net.Socket.connect(Socket.java:528)
	at java.net.Socket.<init>(Socket.java:425)
	at java.net.Socket.<init>(Socket.java:208)
	at org.postgresql.core.PGStream.<init>(PGStream.java:62)
	at org.postgresql.core.v3.ConnectionFactoryImpl.openConnectionImpl(ConnectionFactoryImpl.java:76)
	... 22 more
ERROR 2015-06-08 09:54:02,125 (Agents thread) - Exception tossed: Error getting connection: Connexion refusée. Vérifiez que le nom de machine et le port sont corrects et que postmaster accepte les connexions TCP/IP.
org.apache.manifoldcf.core.interfaces.ManifoldCFException: Error getting connection: Connexion refusée. Vérifiez que le nom de machine et le port sont corrects et que postmaster accepte les connexions TCP/IP.
	at org.apache.manifoldcf.core.database.ConnectionFactory.getConnection(ConnectionFactory.java:83)
	at org.apache.manifoldcf.core.database.Database.executeUncachedQuery(Database.java:784)
	at org.apache.manifoldcf.core.database.Database$QueryCacheExecutor.create(Database.java:1444)
	at org.apache.manifoldcf.core.cachemanager.CacheManager.findObjectsAndExecute(CacheManager.java:146)
	at org.apache.manifoldcf.core.database.Database.executeQuery(Database.java:191)
	at org.apache.manifoldcf.core.database.DBInterfacePostgreSQL.performQuery(DBInterfacePostgreSQL.java:832)
	at org.apache.manifoldcf.core.database.BaseTable.performQuery(BaseTable.java:221)
	at org.apache.manifoldcf.agents.agentmanager.AgentManager.getAllAgents(AgentManager.java:218)
	at org.apache.manifoldcf.agents.system.AgentsDaemon.checkAgents(AgentsDaemon.java:261)
	at org.apache.manifoldcf.agents.system.AgentsDaemon$AgentsThread.run(AgentsDaemon.java:209)
Caused by: org.postgresql.util.PSQLException: Connexion refusée. Vérifiez que le nom de machine et le port sont corrects et que postmaster accepte les connexions TCP/IP.
	at org.postgresql.core.v3.ConnectionFactoryImpl.openConnectionImpl(ConnectionFactoryImpl.java:136)
	at org.postgresql.core.ConnectionFactory.openConnection(ConnectionFactory.java:66)
	at org.postgresql.jdbc2.AbstractJdbc2Connection.<init>(AbstractJdbc2Connection.java:125)
	at org.postgresql.jdbc3.AbstractJdbc3Connection.<init>(AbstractJdbc3Connection.java:30)
	at org.postgresql.jdbc3g.AbstractJdbc3gConnection.<init>(AbstractJdbc3gConnection.java:22)
	at org.postgresql.jdbc4.AbstractJdbc4Connection.<init>(AbstractJdbc4Connection.java:30)
	at org.postgresql.jdbc4.Jdbc4Connection.<init>(Jdbc4Connection.java:24)
	at org.postgresql.Driver.makeConnection(Driver.java:393)
	at org.postgresql.Driver.connect(Driver.java:267)
	at java.sql.DriverManager.getConnection(DriverManager.java:571)
	at java.sql.DriverManager.getConnection(DriverManager.java:215)
	at org.apache.manifoldcf.core.jdbcpool.ConnectionPool.getConnection(ConnectionPool.java:118)
	at org.apache.manifoldcf.core.database.ConnectionFactory.getConnectionWithRetries(ConnectionFactory.java:120)
	at org.apache.manifoldcf.core.database.ConnectionFactory.getConnection(ConnectionFactory.java:75)
	... 9 more
Caused by: java.net.ConnectException: Connexion refusée
	at java.net.PlainSocketImpl.socketConnect(Native Method)
	at java.net.AbstractPlainSocketImpl.doConnect(AbstractPlainSocketImpl.java:339)
	at java.net.AbstractPlainSocketImpl.connectToAddress(AbstractPlainSocketImpl.java:200)
	at java.net.AbstractPlainSocketImpl.connect(AbstractPlainSocketImpl.java:182)
	at java.net.SocksSocketImpl.connect(SocksSocketImpl.java:392)
	at java.net.Socket.connect(Socket.java:579)
	at java.net.Socket.connect(Socket.java:528)
	at java.net.Socket.<init>(Socket.java:425)
	at java.net.Socket.<init>(Socket.java:208)
	at org.postgresql.core.PGStream.<init>(PGStream.java:62)
	at org.postgresql.core.v3.ConnectionFactoryImpl.openConnectionImpl(ConnectionFactoryImpl.java:76)
	... 22 more
ERROR 2015-06-08 09:54:32,134 (Agents thread) - Exception tossed: Error getting connection: Connexion refusée. Vérifiez que le nom de machine et le port sont corrects et que postmaster accepte les connexions TCP/IP.
org.apache.manifoldcf.core.interfaces.ManifoldCFException: Error getting connection: Connexion refusée. Vérifiez que le nom de machine et le port sont corrects et que postmaster accepte les connexions TCP/IP.
	at org.apache.manifoldcf.core.database.ConnectionFactory.getConnection(ConnectionFactory.java:83)
	at org.apache.manifoldcf.core.database.Database.executeUncachedQuery(Database.java:784)
	at org.apache.manifoldcf.core.database.Database$QueryCacheExecutor.create(Database.java:1444)
	at org.apache.manifoldcf.core.cachemanager.CacheManager.findObjectsAndExecute(CacheManager.java:146)
	at org.apache.manifoldcf.core.database.Database.executeQuery(Database.java:191)
	at org.apache.manifoldcf.core.database.DBInterfacePostgreSQL.performQuery(DBInterfacePostgreSQL.java:832)
	at org.apache.manifoldcf.core.database.BaseTable.performQuery(BaseTable.java:221)
	at org.apache.manifoldcf.agents.agentmanager.AgentManager.getAllAgents(AgentManager.java:218)
	at org.apache.manifoldcf.agents.system.AgentsDaemon.checkAgents(AgentsDaemon.java:261)
	at org.apache.manifoldcf.agents.system.AgentsDaemon$AgentsThread.run(AgentsDaemon.java:209)
Caused by: org.postgresql.util.PSQLException: Connexion refusée. Vérifiez que le nom de machine et le port sont corrects et que postmaster accepte les connexions TCP/IP.
	at org.postgresql.core.v3.ConnectionFactoryImpl.openConnectionImpl(ConnectionFactoryImpl.java:136)
	at org.postgresql.core.ConnectionFactory.openConnection(ConnectionFactory.java:66)
	at org.postgresql.jdbc2.AbstractJdbc2Connection.<init>(AbstractJdbc2Connection.java:125)
	at org.postgresql.jdbc3.AbstractJdbc3Connection.<init>(AbstractJdbc3Connection.java:30)
	at org.postgresql.jdbc3g.AbstractJdbc3gConnection.<init>(AbstractJdbc3gConnection.java:22)
	at org.postgresql.jdbc4.AbstractJdbc4Connection.<init>(AbstractJdbc4Connection.java:30)
	at org.postgresql.jdbc4.Jdbc4Connection.<init>(Jdbc4Connection.java:24)
	at org.postgresql.Driver.makeConnection(Driver.java:393)
	at org.postgresql.Driver.connect(Driver.java:267)
	at java.sql.DriverManager.getConnection(DriverManager.java:571)
	at java.sql.DriverManager.getConnection(DriverManager.java:215)
	at org.apache.manifoldcf.core.jdbcpool.ConnectionPool.getConnection(ConnectionPool.java:118)
	at org.apache.manifoldcf.core.database.ConnectionFactory.getConnectionWithRetries(ConnectionFactory.java:120)
	at org.apache.manifoldcf.core.database.ConnectionFactory.getConnection(ConnectionFactory.java:75)
	... 9 more
Caused by: java.net.ConnectException: Connexion refusée
	at java.net.PlainSocketImpl.socketConnect(Native Method)
	at java.net.AbstractPlainSocketImpl.doConnect(AbstractPlainSocketImpl.java:339)
	at java.net.AbstractPlainSocketImpl.connectToAddress(AbstractPlainSocketImpl.java:200)
	at java.net.AbstractPlainSocketImpl.connect(AbstractPlainSocketImpl.java:182)
	at java.net.SocksSocketImpl.connect(SocksSocketImpl.java:392)
	at java.net.Socket.connect(Socket.java:579)
	at java.net.Socket.connect(Socket.java:528)
	at java.net.Socket.<init>(Socket.java:425)
	at java.net.Socket.<init>(Socket.java:208)
	at org.postgresql.core.PGStream.<init>(PGStream.java:62)
	at org.postgresql.core.v3.ConnectionFactoryImpl.openConnectionImpl(ConnectionFactoryImpl.java:76)
	... 22 more
ERROR 2015-06-08 09:55:02,144 (Agents thread) - Exception tossed: Error getting connection: Connexion refusée. Vérifiez que le nom de machine et le port sont corrects et que postmaster accepte les connexions TCP/IP.
org.apache.manifoldcf.core.interfaces.ManifoldCFException: Error getting connection: Connexion refusée. Vérifiez que le nom de machine et le port sont corrects et que postmaster accepte les connexions TCP/IP.
	at org.apache.manifoldcf.core.database.ConnectionFactory.getConnection(ConnectionFactory.java:83)
	at org.apache.manifoldcf.core.database.Database.executeUncachedQuery(Database.java:784)
	at org.apache.manifoldcf.core.database.Database$QueryCacheExecutor.create(Database.java:1444)
	at org.apache.manifoldcf.core.cachemanager.CacheManager.findObjectsAndExecute(CacheManager.java:146)
	at org.apache.manifoldcf.core.database.Database.executeQuery(Database.java:191)
	at org.apache.manifoldcf.core.database.DBInterfacePostgreSQL.performQuery(DBInterfacePostgreSQL.java:832)
	at org.apache.manifoldcf.core.database.BaseTable.performQuery(BaseTable.java:221)
	at org.apache.manifoldcf.agents.agentmanager.AgentManager.getAllAgents(AgentManager.java:218)
	at org.apache.manifoldcf.agents.system.AgentsDaemon.checkAgents(AgentsDaemon.java:261)
	at org.apache.manifoldcf.agents.system.AgentsDaemon$AgentsThread.run(AgentsDaemon.java:209)
Caused by: org.postgresql.util.PSQLException: Connexion refusée. Vérifiez que le nom de machine et le port sont corrects et que postmaster accepte les connexions TCP/IP.
	at org.postgresql.core.v3.ConnectionFactoryImpl.openConnectionImpl(ConnectionFactoryImpl.java:136)
	at org.postgresql.core.ConnectionFactory.openConnection(ConnectionFactory.java:66)
	at org.postgresql.jdbc2.AbstractJdbc2Connection.<init>(AbstractJdbc2Connection.java:125)
	at org.postgresql.jdbc3.AbstractJdbc3Connection.<init>(AbstractJdbc3Connection.java:30)
	at org.postgresql.jdbc3g.AbstractJdbc3gConnection.<init>(AbstractJdbc3gConnection.java:22)
	at org.postgresql.jdbc4.AbstractJdbc4Connection.<init>(AbstractJdbc4Connection.java:30)
	at org.postgresql.jdbc4.Jdbc4Connection.<init>(Jdbc4Connection.java:24)
	at org.postgresql.Driver.makeConnection(Driver.java:393)
	at org.postgresql.Driver.connect(Driver.java:267)
	at java.sql.DriverManager.getConnection(DriverManager.java:571)
	at java.sql.DriverManager.getConnection(DriverManager.java:215)
	at org.apache.manifoldcf.core.jdbcpool.ConnectionPool.getConnection(ConnectionPool.java:118)
	at org.apache.manifoldcf.core.database.ConnectionFactory.getConnectionWithRetries(ConnectionFactory.java:120)
	at org.apache.manifoldcf.core.database.ConnectionFactory.getConnection(ConnectionFactory.java:75)
	... 9 more
Caused by: java.net.ConnectException: Connexion refusée
	at java.net.PlainSocketImpl.socketConnect(Native Method)
	at java.net.AbstractPlainSocketImpl.doConnect(AbstractPlainSocketImpl.java:339)
	at java.net.AbstractPlainSocketImpl.connectToAddress(AbstractPlainSocketImpl.java:200)
	at java.net.AbstractPlainSocketImpl.connect(AbstractPlainSocketImpl.java:182)
	at java.net.SocksSocketImpl.connect(SocksSocketImpl.java:392)
	at java.net.Socket.connect(Socket.java:579)
	at java.net.Socket.connect(Socket.java:528)
	at java.net.Socket.<init>(Socket.java:425)
	at java.net.Socket.<init>(Socket.java:208)
	at org.postgresql.core.PGStream.<init>(PGStream.java:62)
	at org.postgresql.core.v3.ConnectionFactoryImpl.openConnectionImpl(ConnectionFactoryImpl.java:76)
	... 22 more
ERROR 2015-06-08 09:55:32,153 (Agents thread) - Exception tossed: Error getting connection: Connexion refusée. Vérifiez que le nom de machine et le port sont corrects et que postmaster accepte les connexions TCP/IP.
org.apache.manifoldcf.core.interfaces.ManifoldCFException: Error getting connection: Connexion refusée. Vérifiez que le nom de machine et le port sont corrects et que postmaster accepte les connexions TCP/IP.
	at org.apache.manifoldcf.core.database.ConnectionFactory.getConnection(ConnectionFactory.java:83)
	at org.apache.manifoldcf.core.database.Database.executeUncachedQuery(Database.java:784)
	at org.apache.manifoldcf.core.database.Database$QueryCacheExecutor.create(Database.java:1444)
	at org.apache.manifoldcf.core.cachemanager.CacheManager.findObjectsAndExecute(CacheManager.java:146)
	at org.apache.manifoldcf.core.database.Database.executeQuery(Database.java:191)
	at org.apache.manifoldcf.core.database.DBInterfacePostgreSQL.performQuery(DBInterfacePostgreSQL.java:832)
	at org.apache.manifoldcf.core.database.BaseTable.performQuery(BaseTable.java:221)
	at org.apache.manifoldcf.agents.agentmanager.AgentManager.getAllAgents(AgentManager.java:218)
	at org.apache.manifoldcf.agents.system.AgentsDaemon.checkAgents(AgentsDaemon.java:261)
	at org.apache.manifoldcf.agents.system.AgentsDaemon$AgentsThread.run(AgentsDaemon.java:209)
Caused by: org.postgresql.util.PSQLException: Connexion refusée. Vérifiez que le nom de machine et le port sont corrects et que postmaster accepte les connexions TCP/IP.
	at org.postgresql.core.v3.ConnectionFactoryImpl.openConnectionImpl(ConnectionFactoryImpl.java:136)
	at org.postgresql.core.ConnectionFactory.openConnection(ConnectionFactory.java:66)
	at org.postgresql.jdbc2.AbstractJdbc2Connection.<init>(AbstractJdbc2Connection.java:125)
	at org.postgresql.jdbc3.AbstractJdbc3Connection.<init>(AbstractJdbc3Connection.java:30)
	at org.postgresql.jdbc3g.AbstractJdbc3gConnection.<init>(AbstractJdbc3gConnection.java:22)
	at org.postgresql.jdbc4.AbstractJdbc4Connection.<init>(AbstractJdbc4Connection.java:30)
	at org.postgresql.jdbc4.Jdbc4Connection.<init>(Jdbc4Connection.java:24)
	at org.postgresql.Driver.makeConnection(Driver.java:393)
	at org.postgresql.Driver.connect(Driver.java:267)
	at java.sql.DriverManager.getConnection(DriverManager.java:571)
	at java.sql.DriverManager.getConnection(DriverManager.java:215)
	at org.apache.manifoldcf.core.jdbcpool.ConnectionPool.getConnection(ConnectionPool.java:118)
	at org.apache.manifoldcf.core.database.ConnectionFactory.getConnectionWithRetries(ConnectionFactory.java:120)
	at org.apache.manifoldcf.core.database.ConnectionFactory.getConnection(ConnectionFactory.java:75)
	... 9 more
Caused by: java.net.ConnectException: Connexion refusée
	at java.net.PlainSocketImpl.socketConnect(Native Method)
	at java.net.AbstractPlainSocketImpl.doConnect(AbstractPlainSocketImpl.java:339)
	at java.net.AbstractPlainSocketImpl.connectToAddress(AbstractPlainSocketImpl.java:200)
	at java.net.AbstractPlainSocketImpl.connect(AbstractPlainSocketImpl.java:182)
	at java.net.SocksSocketImpl.connect(SocksSocketImpl.java:392)
	at java.net.Socket.connect(Socket.java:579)
	at java.net.Socket.connect(Socket.java:528)
	at java.net.Socket.<init>(Socket.java:425)
	at java.net.Socket.<init>(Socket.java:208)
	at org.postgresql.core.PGStream.<init>(PGStream.java:62)
	at org.postgresql.core.v3.ConnectionFactoryImpl.openConnectionImpl(ConnectionFactoryImpl.java:76)
	... 22 more
ERROR 2015-06-08 09:56:02,162 (Agents thread) - Exception tossed: Error getting connection: Connexion refusée. Vérifiez que le nom de machine et le port sont corrects et que postmaster accepte les connexions TCP/IP.
org.apache.manifoldcf.core.interfaces.ManifoldCFException: Error getting connection: Connexion refusée. Vérifiez que le nom de machine et le port sont corrects et que postmaster accepte les connexions TCP/IP.
	at org.apache.manifoldcf.core.database.ConnectionFactory.getConnection(ConnectionFactory.java:83)
	at org.apache.manifoldcf.core.database.Database.executeUncachedQuery(Database.java:784)
	at org.apache.manifoldcf.core.database.Database$QueryCacheExecutor.create(Database.java:1444)
	at org.apache.manifoldcf.core.cachemanager.CacheManager.findObjectsAndExecute(CacheManager.java:146)
	at org.apache.manifoldcf.core.database.Database.executeQuery(Database.java:191)
	at org.apache.manifoldcf.core.database.DBInterfacePostgreSQL.performQuery(DBInterfacePostgreSQL.java:832)
	at org.apache.manifoldcf.core.database.BaseTable.performQuery(BaseTable.java:221)
	at org.apache.manifoldcf.agents.agentmanager.AgentManager.getAllAgents(AgentManager.java:218)
	at org.apache.manifoldcf.agents.system.AgentsDaemon.checkAgents(AgentsDaemon.java:261)
	at org.apache.manifoldcf.agents.system.AgentsDaemon$AgentsThread.run(AgentsDaemon.java:209)
Caused by: org.postgresql.util.PSQLException: Connexion refusée. Vérifiez que le nom de machine et le port sont corrects et que postmaster accepte les connexions TCP/IP.
	at org.postgresql.core.v3.ConnectionFactoryImpl.openConnectionImpl(ConnectionFactoryImpl.java:136)
	at org.postgresql.core.ConnectionFactory.openConnection(ConnectionFactory.java:66)
	at org.postgresql.jdbc2.AbstractJdbc2Connection.<init>(AbstractJdbc2Connection.java:125)
	at org.postgresql.jdbc3.AbstractJdbc3Connection.<init>(AbstractJdbc3Connection.java:30)
	at org.postgresql.jdbc3g.AbstractJdbc3gConnection.<init>(AbstractJdbc3gConnection.java:22)
	at org.postgresql.jdbc4.AbstractJdbc4Connection.<init>(AbstractJdbc4Connection.java:30)
	at org.postgresql.jdbc4.Jdbc4Connection.<init>(Jdbc4Connection.java:24)
	at org.postgresql.Driver.makeConnection(Driver.java:393)
	at org.postgresql.Driver.connect(Driver.java:267)
	at java.sql.DriverManager.getConnection(DriverManager.java:571)
	at java.sql.DriverManager.getConnection(DriverManager.java:215)
	at org.apache.manifoldcf.core.jdbcpool.ConnectionPool.getConnection(ConnectionPool.java:118)
	at org.apache.manifoldcf.core.database.ConnectionFactory.getConnectionWithRetries(ConnectionFactory.java:120)
	at org.apache.manifoldcf.core.database.ConnectionFactory.getConnection(ConnectionFactory.java:75)
	... 9 more
Caused by: java.net.ConnectException: Connexion refusée
	at java.net.PlainSocketImpl.socketConnect(Native Method)
	at java.net.AbstractPlainSocketImpl.doConnect(AbstractPlainSocketImpl.java:339)
	at java.net.AbstractPlainSocketImpl.connectToAddress(AbstractPlainSocketImpl.java:200)
	at java.net.AbstractPlainSocketImpl.connect(AbstractPlainSocketImpl.java:182)
	at java.net.SocksSocketImpl.connect(SocksSocketImpl.java:392)
	at java.net.Socket.connect(Socket.java:579)
	at java.net.Socket.connect(Socket.java:528)
	at java.net.Socket.<init>(Socket.java:425)
	at java.net.Socket.<init>(Socket.java:208)
	at org.postgresql.core.PGStream.<init>(PGStream.java:62)
	at org.postgresql.core.v3.ConnectionFactoryImpl.openConnectionImpl(ConnectionFactoryImpl.java:76)
	... 22 more
ERROR 2015-06-08 09:56:32,171 (Agents thread) - Exception tossed: Error getting connection: Connexion refusée. Vérifiez que le nom de machine et le port sont corrects et que postmaster accepte les connexions TCP/IP.
org.apache.manifoldcf.core.interfaces.ManifoldCFException: Error getting connection: Connexion refusée. Vérifiez que le nom de machine et le port sont corrects et que postmaster accepte les connexions TCP/IP.
	at org.apache.manifoldcf.core.database.ConnectionFactory.getConnection(ConnectionFactory.java:83)
	at org.apache.manifoldcf.core.database.Database.executeUncachedQuery(Database.java:784)
	at org.apache.manifoldcf.core.database.Database$QueryCacheExecutor.create(Database.java:1444)
	at org.apache.manifoldcf.core.cachemanager.CacheManager.findObjectsAndExecute(CacheManager.java:146)
	at org.apache.manifoldcf.core.database.Database.executeQuery(Database.java:191)
	at org.apache.manifoldcf.core.database.DBInterfacePostgreSQL.performQuery(DBInterfacePostgreSQL.java:832)
	at org.apache.manifoldcf.core.database.BaseTable.performQuery(BaseTable.java:221)
	at org.apache.manifoldcf.agents.agentmanager.AgentManager.getAllAgents(AgentManager.java:218)
	at org.apache.manifoldcf.agents.system.AgentsDaemon.checkAgents(AgentsDaemon.java:261)
	at org.apache.manifoldcf.agents.system.AgentsDaemon$AgentsThread.run(AgentsDaemon.java:209)
Caused by: org.postgresql.util.PSQLException: Connexion refusée. Vérifiez que le nom de machine et le port sont corrects et que postmaster accepte les connexions TCP/IP.
	at org.postgresql.core.v3.ConnectionFactoryImpl.openConnectionImpl(ConnectionFactoryImpl.java:136)
	at org.postgresql.core.ConnectionFactory.openConnection(ConnectionFactory.java:66)
	at org.postgresql.jdbc2.AbstractJdbc2Connection.<init>(AbstractJdbc2Connection.java:125)
	at org.postgresql.jdbc3.AbstractJdbc3Connection.<init>(AbstractJdbc3Connection.java:30)
	at org.postgresql.jdbc3g.AbstractJdbc3gConnection.<init>(AbstractJdbc3gConnection.java:22)
	at org.postgresql.jdbc4.AbstractJdbc4Connection.<init>(AbstractJdbc4Connection.java:30)
	at org.postgresql.jdbc4.Jdbc4Connection.<init>(Jdbc4Connection.java:24)
	at org.postgresql.Driver.makeConnection(Driver.java:393)
	at org.postgresql.Driver.connect(Driver.java:267)
	at java.sql.DriverManager.getConnection(DriverManager.java:571)
	at java.sql.DriverManager.getConnection(DriverManager.java:215)
	at org.apache.manifoldcf.core.jdbcpool.ConnectionPool.getConnection(ConnectionPool.java:118)
	at org.apache.manifoldcf.core.database.ConnectionFactory.getConnectionWithRetries(ConnectionFactory.java:120)
	at org.apache.manifoldcf.core.database.ConnectionFactory.getConnection(ConnectionFactory.java:75)
	... 9 more
Caused by: java.net.ConnectException: Connexion refusée
	at java.net.PlainSocketImpl.socketConnect(Native Method)
	at java.net.AbstractPlainSocketImpl.doConnect(AbstractPlainSocketImpl.java:339)
	at java.net.AbstractPlainSocketImpl.connectToAddress(AbstractPlainSocketImpl.java:200)
	at java.net.AbstractPlainSocketImpl.connect(AbstractPlainSocketImpl.java:182)
	at java.net.SocksSocketImpl.connect(SocksSocketImpl.java:392)
	at java.net.Socket.connect(Socket.java:579)
	at java.net.Socket.connect(Socket.java:528)
	at java.net.Socket.<init>(Socket.java:425)
	at java.net.Socket.<init>(Socket.java:208)
	at org.postgresql.core.PGStream.<init>(PGStream.java:62)
	at org.postgresql.core.v3.ConnectionFactoryImpl.openConnectionImpl(ConnectionFactoryImpl.java:76)
	... 22 more
ERROR 2015-06-08 09:57:02,179 (Agents thread) - Exception tossed: Error getting connection: Connexion refusée. Vérifiez que le nom de machine et le port sont corrects et que postmaster accepte les connexions TCP/IP.
org.apache.manifoldcf.core.interfaces.ManifoldCFException: Error getting connection: Connexion refusée. Vérifiez que le nom de machine et le port sont corrects et que postmaster accepte les connexions TCP/IP.
	at org.apache.manifoldcf.core.database.ConnectionFactory.getConnection(ConnectionFactory.java:83)
	at org.apache.manifoldcf.core.database.Database.executeUncachedQuery(Database.java:784)
	at org.apache.manifoldcf.core.database.Database$QueryCacheExecutor.create(Database.java:1444)
	at org.apache.manifoldcf.core.cachemanager.CacheManager.findObjectsAndExecute(CacheManager.java:146)
	at org.apache.manifoldcf.core.database.Database.executeQuery(Database.java:191)
	at org.apache.manifoldcf.core.database.DBInterfacePostgreSQL.performQuery(DBInterfacePostgreSQL.java:832)
	at org.apache.manifoldcf.core.database.BaseTable.performQuery(BaseTable.java:221)
	at org.apache.manifoldcf.agents.agentmanager.AgentManager.getAllAgents(AgentManager.java:218)
	at org.apache.manifoldcf.agents.system.AgentsDaemon.checkAgents(AgentsDaemon.java:261)
	at org.apache.manifoldcf.agents.system.AgentsDaemon$AgentsThread.run(AgentsDaemon.java:209)
Caused by: org.postgresql.util.PSQLException: Connexion refusée. Vérifiez que le nom de machine et le port sont corrects et que postmaster accepte les connexions TCP/IP.
	at org.postgresql.core.v3.ConnectionFactoryImpl.openConnectionImpl(ConnectionFactoryImpl.java:136)
	at org.postgresql.core.ConnectionFactory.openConnection(ConnectionFactory.java:66)
	at org.postgresql.jdbc2.AbstractJdbc2Connection.<init>(AbstractJdbc2Connection.java:125)
	at org.postgresql.jdbc3.AbstractJdbc3Connection.<init>(AbstractJdbc3Connection.java:30)
	at org.postgresql.jdbc3g.AbstractJdbc3gConnection.<init>(AbstractJdbc3gConnection.java:22)
	at org.postgresql.jdbc4.AbstractJdbc4Connection.<init>(AbstractJdbc4Connection.java:30)
	at org.postgresql.jdbc4.Jdbc4Connection.<init>(Jdbc4Connection.java:24)
	at org.postgresql.Driver.makeConnection(Driver.java:393)
	at org.postgresql.Driver.connect(Driver.java:267)
	at java.sql.DriverManager.getConnection(DriverManager.java:571)
	at java.sql.DriverManager.getConnection(DriverManager.java:215)
	at org.apache.manifoldcf.core.jdbcpool.ConnectionPool.getConnection(ConnectionPool.java:118)
	at org.apache.manifoldcf.core.database.ConnectionFactory.getConnectionWithRetries(ConnectionFactory.java:120)
	at org.apache.manifoldcf.core.database.ConnectionFactory.getConnection(ConnectionFactory.java:75)
	... 9 more
Caused by: java.net.ConnectException: Connexion refusée
	at java.net.PlainSocketImpl.socketConnect(Native Method)
	at java.net.AbstractPlainSocketImpl.doConnect(AbstractPlainSocketImpl.java:339)
	at java.net.AbstractPlainSocketImpl.connectToAddress(AbstractPlainSocketImpl.java:200)
	at java.net.AbstractPlainSocketImpl.connect(AbstractPlainSocketImpl.java:182)
	at java.net.SocksSocketImpl.connect(SocksSocketImpl.java:392)
	at java.net.Socket.connect(Socket.java:579)
	at java.net.Socket.connect(Socket.java:528)
	at java.net.Socket.<init>(Socket.java:425)
	at java.net.Socket.<init>(Socket.java:208)
	at org.postgresql.core.PGStream.<init>(PGStream.java:62)
	at org.postgresql.core.v3.ConnectionFactoryImpl.openConnectionImpl(ConnectionFactoryImpl.java:76)
	... 22 more
ERROR 2015-06-08 09:57:32,189 (Agents thread) - Exception tossed: Error getting connection: Connexion refusée. Vérifiez que le nom de machine et le port sont corrects et que postmaster accepte les connexions TCP/IP.
org.apache.manifoldcf.core.interfaces.ManifoldCFException: Error getting connection: Connexion refusée. Vérifiez que le nom de machine et le port sont corrects et que postmaster accepte les connexions TCP/IP.
	at org.apache.manifoldcf.core.database.ConnectionFactory.getConnection(ConnectionFactory.java:83)
	at org.apache.manifoldcf.core.database.Database.executeUncachedQuery(Database.java:784)
	at org.apache.manifoldcf.core.database.Database$QueryCacheExecutor.create(Database.java:1444)
	at org.apache.manifoldcf.core.cachemanager.CacheManager.findObjectsAndExecute(CacheManager.java:146)
	at org.apache.manifoldcf.core.database.Database.executeQuery(Database.java:191)
	at org.apache.manifoldcf.core.database.DBInterfacePostgreSQL.performQuery(DBInterfacePostgreSQL.java:832)
	at org.apache.manifoldcf.core.database.BaseTable.performQuery(BaseTable.java:221)
	at org.apache.manifoldcf.agents.agentmanager.AgentManager.getAllAgents(AgentManager.java:218)
	at org.apache.manifoldcf.agents.system.AgentsDaemon.checkAgents(AgentsDaemon.java:261)
	at org.apache.manifoldcf.agents.system.AgentsDaemon$AgentsThread.run(AgentsDaemon.java:209)
Caused by: org.postgresql.util.PSQLException: Connexion refusée. Vérifiez que le nom de machine et le port sont corrects et que postmaster accepte les connexions TCP/IP.
	at org.postgresql.core.v3.ConnectionFactoryImpl.openConnectionImpl(ConnectionFactoryImpl.java:136)
	at org.postgresql.core.ConnectionFactory.openConnection(ConnectionFactory.java:66)
	at org.postgresql.jdbc2.AbstractJdbc2Connection.<init>(AbstractJdbc2Connection.java:125)
	at org.postgresql.jdbc3.AbstractJdbc3Connection.<init>(AbstractJdbc3Connection.java:30)
	at org.postgresql.jdbc3g.AbstractJdbc3gConnection.<init>(AbstractJdbc3gConnection.java:22)
	at org.postgresql.jdbc4.AbstractJdbc4Connection.<init>(AbstractJdbc4Connection.java:30)
	at org.postgresql.jdbc4.Jdbc4Connection.<init>(Jdbc4Connection.java:24)
	at org.postgresql.Driver.makeConnection(Driver.java:393)
	at org.postgresql.Driver.connect(Driver.java:267)
	at java.sql.DriverManager.getConnection(DriverManager.java:571)
	at java.sql.DriverManager.getConnection(DriverManager.java:215)
	at org.apache.manifoldcf.core.jdbcpool.ConnectionPool.getConnection(ConnectionPool.java:118)
	at org.apache.manifoldcf.core.database.ConnectionFactory.getConnectionWithRetries(ConnectionFactory.java:120)
	at org.apache.manifoldcf.core.database.ConnectionFactory.getConnection(ConnectionFactory.java:75)
	... 9 more
Caused by: java.net.ConnectException: Connexion refusée
	at java.net.PlainSocketImpl.socketConnect(Native Method)
	at java.net.AbstractPlainSocketImpl.doConnect(AbstractPlainSocketImpl.java:339)
	at java.net.AbstractPlainSocketImpl.connectToAddress(AbstractPlainSocketImpl.java:200)
	at java.net.AbstractPlainSocketImpl.connect(AbstractPlainSocketImpl.java:182)
	at java.net.SocksSocketImpl.connect(SocksSocketImpl.java:392)
	at java.net.Socket.connect(Socket.java:579)
	at java.net.Socket.connect(Socket.java:528)
	at java.net.Socket.<init>(Socket.java:425)
	at java.net.Socket.<init>(Socket.java:208)
	at org.postgresql.core.PGStream.<init>(PGStream.java:62)
	at org.postgresql.core.v3.ConnectionFactoryImpl.openConnectionImpl(ConnectionFactoryImpl.java:76)
	... 22 more
ERROR 2015-06-08 09:58:02,196 (Agents thread) - Exception tossed: Error getting connection: Connexion refusée. Vérifiez que le nom de machine et le port sont corrects et que postmaster accepte les connexions TCP/IP.
org.apache.manifoldcf.core.interfaces.ManifoldCFException: Error getting connection: Connexion refusée. Vérifiez que le nom de machine et le port sont corrects et que postmaster accepte les connexions TCP/IP.
	at org.apache.manifoldcf.core.database.ConnectionFactory.getConnection(ConnectionFactory.java:83)
	at org.apache.manifoldcf.core.database.Database.executeUncachedQuery(Database.java:784)
	at org.apache.manifoldcf.core.database.Database$QueryCacheExecutor.create(Database.java:1444)
	at org.apache.manifoldcf.core.cachemanager.CacheManager.findObjectsAndExecute(CacheManager.java:146)
	at org.apache.manifoldcf.core.database.Database.executeQuery(Database.java:191)
	at org.apache.manifoldcf.core.database.DBInterfacePostgreSQL.performQuery(DBInterfacePostgreSQL.java:832)
	at org.apache.manifoldcf.core.database.BaseTable.performQuery(BaseTable.java:221)
	at org.apache.manifoldcf.agents.agentmanager.AgentManager.getAllAgents(AgentManager.java:218)
	at org.apache.manifoldcf.agents.system.AgentsDaemon.checkAgents(AgentsDaemon.java:261)
	at org.apache.manifoldcf.agents.system.AgentsDaemon$AgentsThread.run(AgentsDaemon.java:209)
Caused by: org.postgresql.util.PSQLException: Connexion refusée. Vérifiez que le nom de machine et le port sont corrects et que postmaster accepte les connexions TCP/IP.
	at org.postgresql.core.v3.ConnectionFactoryImpl.openConnectionImpl(ConnectionFactoryImpl.java:136)
	at org.postgresql.core.ConnectionFactory.openConnection(ConnectionFactory.java:66)
	at org.postgresql.jdbc2.AbstractJdbc2Connection.<init>(AbstractJdbc2Connection.java:125)
	at org.postgresql.jdbc3.AbstractJdbc3Connection.<init>(AbstractJdbc3Connection.java:30)
	at org.postgresql.jdbc3g.AbstractJdbc3gConnection.<init>(AbstractJdbc3gConnection.java:22)
	at org.postgresql.jdbc4.AbstractJdbc4Connection.<init>(AbstractJdbc4Connection.java:30)
	at org.postgresql.jdbc4.Jdbc4Connection.<init>(Jdbc4Connection.java:24)
	at org.postgresql.Driver.makeConnection(Driver.java:393)
	at org.postgresql.Driver.connect(Driver.java:267)
	at java.sql.DriverManager.getConnection(DriverManager.java:571)
	at java.sql.DriverManager.getConnection(DriverManager.java:215)
	at org.apache.manifoldcf.core.jdbcpool.ConnectionPool.getConnection(ConnectionPool.java:118)
	at org.apache.manifoldcf.core.database.ConnectionFactory.getConnectionWithRetries(ConnectionFactory.java:120)
	at org.apache.manifoldcf.core.database.ConnectionFactory.getConnection(ConnectionFactory.java:75)
	... 9 more
Caused by: java.net.ConnectException: Connexion refusée
	at java.net.PlainSocketImpl.socketConnect(Native Method)
	at java.net.AbstractPlainSocketImpl.doConnect(AbstractPlainSocketImpl.java:339)
	at java.net.AbstractPlainSocketImpl.connectToAddress(AbstractPlainSocketImpl.java:200)
	at java.net.AbstractPlainSocketImpl.connect(AbstractPlainSocketImpl.java:182)
	at java.net.SocksSocketImpl.connect(SocksSocketImpl.java:392)
	at java.net.Socket.connect(Socket.java:579)
	at java.net.Socket.connect(Socket.java:528)
	at java.net.Socket.<init>(Socket.java:425)
	at java.net.Socket.<init>(Socket.java:208)
	at org.postgresql.core.PGStream.<init>(PGStream.java:62)
	at org.postgresql.core.v3.ConnectionFactoryImpl.openConnectionImpl(ConnectionFactoryImpl.java:76)
	... 22 more
ERROR 2015-06-08 09:58:32,206 (Agents thread) - Exception tossed: Error getting connection: Connexion refusée. Vérifiez que le nom de machine et le port sont corrects et que postmaster accepte les connexions TCP/IP.
org.apache.manifoldcf.core.interfaces.ManifoldCFException: Error getting connection: Connexion refusée. Vérifiez que le nom de machine et le port sont corrects et que postmaster accepte les connexions TCP/IP.
	at org.apache.manifoldcf.core.database.ConnectionFactory.getConnection(ConnectionFactory.java:83)
	at org.apache.manifoldcf.core.database.Database.executeUncachedQuery(Database.java:784)
	at org.apache.manifoldcf.core.database.Database$QueryCacheExecutor.create(Database.java:1444)
	at org.apache.manifoldcf.core.cachemanager.CacheManager.findObjectsAndExecute(CacheManager.java:146)
	at org.apache.manifoldcf.core.database.Database.executeQuery(Database.java:191)
	at org.apache.manifoldcf.core.database.DBInterfacePostgreSQL.performQuery(DBInterfacePostgreSQL.java:832)
	at org.apache.manifoldcf.core.database.BaseTable.performQuery(BaseTable.java:221)
	at org.apache.manifoldcf.agents.agentmanager.AgentManager.getAllAgents(AgentManager.java:218)
	at org.apache.manifoldcf.agents.system.AgentsDaemon.checkAgents(AgentsDaemon.java:261)
	at org.apache.manifoldcf.agents.system.AgentsDaemon$AgentsThread.run(AgentsDaemon.java:209)
Caused by: org.postgresql.util.PSQLException: Connexion refusée. Vérifiez que le nom de machine et le port sont corrects et que postmaster accepte les connexions TCP/IP.
	at org.postgresql.core.v3.ConnectionFactoryImpl.openConnectionImpl(ConnectionFactoryImpl.java:136)
	at org.postgresql.core.ConnectionFactory.openConnection(ConnectionFactory.java:66)
	at org.postgresql.jdbc2.AbstractJdbc2Connection.<init>(AbstractJdbc2Connection.java:125)
	at org.postgresql.jdbc3.AbstractJdbc3Connection.<init>(AbstractJdbc3Connection.java:30)
	at org.postgresql.jdbc3g.AbstractJdbc3gConnection.<init>(AbstractJdbc3gConnection.java:22)
	at org.postgresql.jdbc4.AbstractJdbc4Connection.<init>(AbstractJdbc4Connection.java:30)
	at org.postgresql.jdbc4.Jdbc4Connection.<init>(Jdbc4Connection.java:24)
	at org.postgresql.Driver.makeConnection(Driver.java:393)
	at org.postgresql.Driver.connect(Driver.java:267)
	at java.sql.DriverManager.getConnection(DriverManager.java:571)
	at java.sql.DriverManager.getConnection(DriverManager.java:215)
	at org.apache.manifoldcf.core.jdbcpool.ConnectionPool.getConnection(ConnectionPool.java:118)
	at org.apache.manifoldcf.core.database.ConnectionFactory.getConnectionWithRetries(ConnectionFactory.java:120)
	at org.apache.manifoldcf.core.database.ConnectionFactory.getConnection(ConnectionFactory.java:75)
	... 9 more
Caused by: java.net.ConnectException: Connexion refusée
	at java.net.PlainSocketImpl.socketConnect(Native Method)
	at java.net.AbstractPlainSocketImpl.doConnect(AbstractPlainSocketImpl.java:339)
	at java.net.AbstractPlainSocketImpl.connectToAddress(AbstractPlainSocketImpl.java:200)
	at java.net.AbstractPlainSocketImpl.connect(AbstractPlainSocketImpl.java:182)
	at java.net.SocksSocketImpl.connect(SocksSocketImpl.java:392)
	at java.net.Socket.connect(Socket.java:579)
	at java.net.Socket.connect(Socket.java:528)
	at java.net.Socket.<init>(Socket.java:425)
	at java.net.Socket.<init>(Socket.java:208)
	at org.postgresql.core.PGStream.<init>(PGStream.java:62)
	at org.postgresql.core.v3.ConnectionFactoryImpl.openConnectionImpl(ConnectionFactoryImpl.java:76)
	... 22 more
ERROR 2015-06-08 09:59:02,214 (Agents thread) - Exception tossed: Error getting connection: Connexion refusée. Vérifiez que le nom de machine et le port sont corrects et que postmaster accepte les connexions TCP/IP.
org.apache.manifoldcf.core.interfaces.ManifoldCFException: Error getting connection: Connexion refusée. Vérifiez que le nom de machine et le port sont corrects et que postmaster accepte les connexions TCP/IP.
	at org.apache.manifoldcf.core.database.ConnectionFactory.getConnection(ConnectionFactory.java:83)
	at org.apache.manifoldcf.core.database.Database.executeUncachedQuery(Database.java:784)
	at org.apache.manifoldcf.core.database.Database$QueryCacheExecutor.create(Database.java:1444)
	at org.apache.manifoldcf.core.cachemanager.CacheManager.findObjectsAndExecute(CacheManager.java:146)
	at org.apache.manifoldcf.core.database.Database.executeQuery(Database.java:191)
	at org.apache.manifoldcf.core.database.DBInterfacePostgreSQL.performQuery(DBInterfacePostgreSQL.java:832)
	at org.apache.manifoldcf.core.database.BaseTable.performQuery(BaseTable.java:221)
	at org.apache.manifoldcf.agents.agentmanager.AgentManager.getAllAgents(AgentManager.java:218)
	at org.apache.manifoldcf.agents.system.AgentsDaemon.checkAgents(AgentsDaemon.java:261)
	at org.apache.manifoldcf.agents.system.AgentsDaemon$AgentsThread.run(AgentsDaemon.java:209)
Caused by: org.postgresql.util.PSQLException: Connexion refusée. Vérifiez que le nom de machine et le port sont corrects et que postmaster accepte les connexions TCP/IP.
	at org.postgresql.core.v3.ConnectionFactoryImpl.openConnectionImpl(ConnectionFactoryImpl.java:136)
	at org.postgresql.core.ConnectionFactory.openConnection(ConnectionFactory.java:66)
	at org.postgresql.jdbc2.AbstractJdbc2Connection.<init>(AbstractJdbc2Connection.java:125)
	at org.postgresql.jdbc3.AbstractJdbc3Connection.<init>(AbstractJdbc3Connection.java:30)
	at org.postgresql.jdbc3g.AbstractJdbc3gConnection.<init>(AbstractJdbc3gConnection.java:22)
	at org.postgresql.jdbc4.AbstractJdbc4Connection.<init>(AbstractJdbc4Connection.java:30)
	at org.postgresql.jdbc4.Jdbc4Connection.<init>(Jdbc4Connection.java:24)
	at org.postgresql.Driver.makeConnection(Driver.java:393)
	at org.postgresql.Driver.connect(Driver.java:267)
	at java.sql.DriverManager.getConnection(DriverManager.java:571)
	at java.sql.DriverManager.getConnection(DriverManager.java:215)
	at org.apache.manifoldcf.core.jdbcpool.ConnectionPool.getConnection(ConnectionPool.java:118)
	at org.apache.manifoldcf.core.database.ConnectionFactory.getConnectionWithRetries(ConnectionFactory.java:120)
	at org.apache.manifoldcf.core.database.ConnectionFactory.getConnection(ConnectionFactory.java:75)
	... 9 more
Caused by: java.net.ConnectException: Connexion refusée
	at java.net.PlainSocketImpl.socketConnect(Native Method)
	at java.net.AbstractPlainSocketImpl.doConnect(AbstractPlainSocketImpl.java:339)
	at java.net.AbstractPlainSocketImpl.connectToAddress(AbstractPlainSocketImpl.java:200)
	at java.net.AbstractPlainSocketImpl.connect(AbstractPlainSocketImpl.java:182)
	at java.net.SocksSocketImpl.connect(SocksSocketImpl.java:392)
	at java.net.Socket.connect(Socket.java:579)
	at java.net.Socket.connect(Socket.java:528)
	at java.net.Socket.<init>(Socket.java:425)
	at java.net.Socket.<init>(Socket.java:208)
	at org.postgresql.core.PGStream.<init>(PGStream.java:62)
	at org.postgresql.core.v3.ConnectionFactoryImpl.openConnectionImpl(ConnectionFactoryImpl.java:76)
	... 22 more
ERROR 2015-06-08 09:59:32,224 (Agents thread) - Exception tossed: Error getting connection: Connexion refusée. Vérifiez que le nom de machine et le port sont corrects et que postmaster accepte les connexions TCP/IP.
org.apache.manifoldcf.core.interfaces.ManifoldCFException: Error getting connection: Connexion refusée. Vérifiez que le nom de machine et le port sont corrects et que postmaster accepte les connexions TCP/IP.
	at org.apache.manifoldcf.core.database.ConnectionFactory.getConnection(ConnectionFactory.java:83)
	at org.apache.manifoldcf.core.database.Database.executeUncachedQuery(Database.java:784)
	at org.apache.manifoldcf.core.database.Database$QueryCacheExecutor.create(Database.java:1444)
	at org.apache.manifoldcf.core.cachemanager.CacheManager.findObjectsAndExecute(CacheManager.java:146)
	at org.apache.manifoldcf.core.database.Database.executeQuery(Database.java:191)
	at org.apache.manifoldcf.core.database.DBInterfacePostgreSQL.performQuery(DBInterfacePostgreSQL.java:832)
	at org.apache.manifoldcf.core.database.BaseTable.performQuery(BaseTable.java:221)
	at org.apache.manifoldcf.agents.agentmanager.AgentManager.getAllAgents(AgentManager.java:218)
	at org.apache.manifoldcf.agents.system.AgentsDaemon.checkAgents(AgentsDaemon.java:261)
	at org.apache.manifoldcf.agents.system.AgentsDaemon$AgentsThread.run(AgentsDaemon.java:209)
Caused by: org.postgresql.util.PSQLException: Connexion refusée. Vérifiez que le nom de machine et le port sont corrects et que postmaster accepte les connexions TCP/IP.
	at org.postgresql.core.v3.ConnectionFactoryImpl.openConnectionImpl(ConnectionFactoryImpl.java:136)
	at org.postgresql.core.ConnectionFactory.openConnection(ConnectionFactory.java:66)
	at org.postgresql.jdbc2.AbstractJdbc2Connection.<init>(AbstractJdbc2Connection.java:125)
	at org.postgresql.jdbc3.AbstractJdbc3Connection.<init>(AbstractJdbc3Connection.java:30)
	at org.postgresql.jdbc3g.AbstractJdbc3gConnection.<init>(AbstractJdbc3gConnection.java:22)
	at org.postgresql.jdbc4.AbstractJdbc4Connection.<init>(AbstractJdbc4Connection.java:30)
	at org.postgresql.jdbc4.Jdbc4Connection.<init>(Jdbc4Connection.java:24)
	at org.postgresql.Driver.makeConnection(Driver.java:393)
	at org.postgresql.Driver.connect(Driver.java:267)
	at java.sql.DriverManager.getConnection(DriverManager.java:571)
	at java.sql.DriverManager.getConnection(DriverManager.java:215)
	at org.apache.manifoldcf.core.jdbcpool.ConnectionPool.getConnection(ConnectionPool.java:118)
	at org.apache.manifoldcf.core.database.ConnectionFactory.getConnectionWithRetries(ConnectionFactory.java:120)
	at org.apache.manifoldcf.core.database.ConnectionFactory.getConnection(ConnectionFactory.java:75)
	... 9 more
Caused by: java.net.ConnectException: Connexion refusée
	at java.net.PlainSocketImpl.socketConnect(Native Method)
	at java.net.AbstractPlainSocketImpl.doConnect(AbstractPlainSocketImpl.java:339)
	at java.net.AbstractPlainSocketImpl.connectToAddress(AbstractPlainSocketImpl.java:200)
	at java.net.AbstractPlainSocketImpl.connect(AbstractPlainSocketImpl.java:182)
	at java.net.SocksSocketImpl.connect(SocksSocketImpl.java:392)
	at java.net.Socket.connect(Socket.java:579)
	at java.net.Socket.connect(Socket.java:528)
	at java.net.Socket.<init>(Socket.java:425)
	at java.net.Socket.<init>(Socket.java:208)
	at org.postgresql.core.PGStream.<init>(PGStream.java:62)
	at org.postgresql.core.v3.ConnectionFactoryImpl.openConnectionImpl(ConnectionFactoryImpl.java:76)
	... 22 more
